[12-Feb-2018 22:56:52 UTC] PHP Fatal error:  Call to undefined function displayCard() in /home/ubuntu/workspace/rubvasquez/Practice/php_arrays.php on line 14
[12-Feb-2018 22:56:52 UTC] PHP Stack trace:
[12-Feb-2018 22:56:52 UTC] PHP   1. {main}() /home/ubuntu/workspace/rubvasquez/Practice/php_arrays.php:0
[12-Feb-2018 22:59:53 UTC] PHP Fatal error:  Call to undefined function displayCard() in /home/ubuntu/workspace/rubvasquez/Practice/php_arrays.php on line 14
[12-Feb-2018 22:59:53 UTC] PHP Stack trace:
[12-Feb-2018 22:59:53 UTC] PHP   1. {main}() /home/ubuntu/workspace/rubvasquez/Practice/php_arrays.php:0
[12-Feb-2018 23:01:47 UTC] PHP Fatal error:  Call to undefined function displayCard() in /home/ubuntu/workspace/rubvasquez/Practice/php_arrays.php on line 14
[12-Feb-2018 23:01:47 UTC] PHP Stack trace:
[12-Feb-2018 23:01:47 UTC] PHP   1. {main}() /home/ubuntu/workspace/rubvasquez/Practice/php_arrays.php:0
[12-Feb-2018 23:01:53 UTC] PHP Fatal error:  Call to undefined function displayCard() in /home/ubuntu/workspace/rubvasquez/Practice/php_arrays.php on line 14
[12-Feb-2018 23:01:53 UTC] PHP Stack trace:
[12-Feb-2018 23:01:53 UTC] PHP   1. {main}() /home/ubuntu/workspace/rubvasquez/Practice/php_arrays.php:0
[12-Feb-2018 23:03:48 UTC] PHP Fatal error:  Call to undefined function displayCard() in /home/ubuntu/workspace/rubvasquez/Practice/php_arrays.php on line 14
[12-Feb-2018 23:03:48 UTC] PHP Stack trace:
[12-Feb-2018 23:03:48 UTC] PHP   1. {main}() /home/ubuntu/workspace/rubvasquez/Practice/php_arrays.php:0
[12-Feb-2018 23:13:03 UTC] PHP Fatal error:  Call to undefined function displayCards() in /home/ubuntu/workspace/rubvasquez/Practice/php_arrays.php on line 35
[12-Feb-2018 23:13:03 UTC] PHP Stack trace:
[12-Feb-2018 23:13:03 UTC] PHP   1. {main}() /home/ubuntu/workspace/rubvasquez/Practice/php_arrays.php:0
[12-Feb-2018 23:13:44 UTC] PHP Fatal error:  Call to undefined function displayCards() in /home/ubuntu/workspace/rubvasquez/Practice/php_arrays.php on line 35
[12-Feb-2018 23:13:44 UTC] PHP Stack trace:
[12-Feb-2018 23:13:44 UTC] PHP   1. {main}() /home/ubuntu/workspace/rubvasquez/Practice/php_arrays.php:0
[12-Feb-2018 23:15:13 UTC] PHP Fatal error:  Call to undefined function coutn() in /home/ubuntu/workspace/rubvasquez/Practice/php_arrays.php on line 33
[12-Feb-2018 23:15:13 UTC] PHP Stack trace:
[12-Feb-2018 23:15:13 UTC] PHP   1. {main}() /home/ubuntu/workspace/rubvasquez/Practice/php_arrays.php:0
[12-Feb-2018 23:15:14 UTC] PHP Fatal error:  Call to undefined function coutn() in /home/ubuntu/workspace/rubvasquez/Practice/php_arrays.php on line 33
[12-Feb-2018 23:15:14 UTC] PHP Stack trace:
[12-Feb-2018 23:15:14 UTC] PHP   1. {main}() /home/ubuntu/workspace/rubvasquez/Practice/php_arrays.php:0
[12-Feb-2018 23:15:15 UTC] PHP Fatal error:  Call to undefined function coutn() in /home/ubuntu/workspace/rubvasquez/Practice/php_arrays.php on line 33
[12-Feb-2018 23:15:15 UTC] PHP Stack trace:
[12-Feb-2018 23:15:15 UTC] PHP   1. {main}() /home/ubuntu/workspace/rubvasquez/Practice/php_arrays.php:0
[12-Feb-2018 23:15:15 UTC] PHP Fatal error:  Call to undefined function coutn() in /home/ubuntu/workspace/rubvasquez/Practice/php_arrays.php on line 33
[12-Feb-2018 23:15:15 UTC] PHP Stack trace:
[12-Feb-2018 23:15:15 UTC] PHP   1. {main}() /home/ubuntu/workspace/rubvasquez/Practice/php_arrays.php:0
[12-Feb-2018 23:15:15 UTC] PHP Fatal error:  Call to undefined function coutn() in /home/ubuntu/workspace/rubvasquez/Practice/php_arrays.php on line 33
[12-Feb-2018 23:15:15 UTC] PHP Stack trace:
[12-Feb-2018 23:15:15 UTC] PHP   1. {main}() /home/ubuntu/workspace/rubvasquez/Practice/php_arrays.php:0
[12-Feb-2018 23:15:15 UTC] PHP Fatal error:  Call to undefined function coutn() in /home/ubuntu/workspace/rubvasquez/Practice/php_arrays.php on line 33
[12-Feb-2018 23:15:15 UTC] PHP Stack trace:
[12-Feb-2018 23:15:15 UTC] PHP   1. {main}() /home/ubuntu/workspace/rubvasquez/Practice/php_arrays.php:0
[12-Feb-2018 23:15:16 UTC] PHP Fatal error:  Call to undefined function coutn() in /home/ubuntu/workspace/rubvasquez/Practice/php_arrays.php on line 33
[12-Feb-2018 23:15:16 UTC] PHP Stack trace:
[12-Feb-2018 23:15:16 UTC] PHP   1. {main}() /home/ubuntu/workspace/rubvasquez/Practice/php_arrays.php:0
[12-Feb-2018 23:15:16 UTC] PHP Fatal error:  Call to undefined function coutn() in /home/ubuntu/workspace/rubvasquez/Practice/php_arrays.php on line 33
[12-Feb-2018 23:15:16 UTC] PHP Stack trace:
[12-Feb-2018 23:15:16 UTC] PHP   1. {main}() /home/ubuntu/workspace/rubvasquez/Practice/php_arrays.php:0
[12-Feb-2018 23:15:16 UTC] PHP Fatal error:  Call to undefined function coutn() in /home/ubuntu/workspace/rubvasquez/Practice/php_arrays.php on line 33
[12-Feb-2018 23:15:16 UTC] PHP Stack trace:
[12-Feb-2018 23:15:16 UTC] PHP   1. {main}() /home/ubuntu/workspace/rubvasquez/Practice/php_arrays.php:0
[12-Feb-2018 23:15:16 UTC] PHP Fatal error:  Call to undefined function coutn() in /home/ubuntu/workspace/rubvasquez/Practice/php_arrays.php on line 33
[12-Feb-2018 23:15:16 UTC] PHP Stack trace:
[12-Feb-2018 23:15:16 UTC] PHP   1. {main}() /home/ubuntu/workspace/rubvasquez/Practice/php_arrays.php:0
[12-Feb-2018 23:15:16 UTC] PHP Fatal error:  Call to undefined function coutn() in /home/ubuntu/workspace/rubvasquez/Practice/php_arrays.php on line 33
[12-Feb-2018 23:15:16 UTC] PHP Stack trace:
[12-Feb-2018 23:15:16 UTC] PHP   1. {main}() /home/ubuntu/workspace/rubvasquez/Practice/php_arrays.php:0
[12-Feb-2018 23:15:17 UTC] PHP Fatal error:  Call to undefined function coutn() in /home/ubuntu/workspace/rubvasquez/Practice/php_arrays.php on line 33
[12-Feb-2018 23:15:17 UTC] PHP Stack trace:
[12-Feb-2018 23:15:17 UTC] PHP   1. {main}() /home/ubuntu/workspace/rubvasquez/Practice/php_arrays.php:0
[12-Feb-2018 23:15:17 UTC] PHP Fatal error:  Call to undefined function coutn() in /home/ubuntu/workspace/rubvasquez/Practice/php_arrays.php on line 33
[12-Feb-2018 23:15:17 UTC] PHP Stack trace:
[12-Feb-2018 23:15:17 UTC] PHP   1. {main}() /home/ubuntu/workspace/rubvasquez/Practice/php_arrays.php:0
[12-Feb-2018 23:15:17 UTC] PHP Fatal error:  Call to undefined function coutn() in /home/ubuntu/workspace/rubvasquez/Practice/php_arrays.php on line 33
[12-Feb-2018 23:15:17 UTC] PHP Stack trace:
[12-Feb-2018 23:15:17 UTC] PHP   1. {main}() /home/ubuntu/workspace/rubvasquez/Practice/php_arrays.php:0
[12-Feb-2018 23:15:17 UTC] PHP Fatal error:  Call to undefined function coutn() in /home/ubuntu/workspace/rubvasquez/Practice/php_arrays.php on line 33
[12-Feb-2018 23:15:17 UTC] PHP Stack trace:
[12-Feb-2018 23:15:17 UTC] PHP   1. {main}() /home/ubuntu/workspace/rubvasquez/Practice/php_arrays.php:0
[12-Feb-2018 23:15:18 UTC] PHP Fatal error:  Call to undefined function coutn() in /home/ubuntu/workspace/rubvasquez/Practice/php_arrays.php on line 33
[12-Feb-2018 23:15:18 UTC] PHP Stack trace:
[12-Feb-2018 23:15:18 UTC] PHP   1. {main}() /home/ubuntu/workspace/rubvasquez/Practice/php_arrays.php:0
[12-Feb-2018 23:15:18 UTC] PHP Fatal error:  Call to undefined function coutn() in /home/ubuntu/workspace/rubvasquez/Practice/php_arrays.php on line 33
[12-Feb-2018 23:15:18 UTC] PHP Stack trace:
[12-Feb-2018 23:15:18 UTC] PHP   1. {main}() /home/ubuntu/workspace/rubvasquez/Practice/php_arrays.php:0
[19-Feb-2018 22:35:27 UTC] PHP Parse error:  syntax error, unexpected '?>' in /home/ubuntu/workspace/rubvasquez/Practice/setSession.php on line 5
[28-Mar-2018 21:37:51 UTC] PHP Warning:  include(../includes/dbConn.php): failed to open stream: No such file or directory in /home/ubuntu/workspace/rubvasquez/MIDTERM/midterm.php on line 4
[28-Mar-2018 21:37:51 UTC] PHP Stack trace:
[28-Mar-2018 21:37:51 UTC] PHP   1. {main}() /home/ubuntu/workspace/rubvasquez/MIDTERM/midterm.php:0
[28-Mar-2018 21:37:51 UTC] PHP Warning:  include(): Failed opening '../includes/dbConn.php' for inclusion (include_path='.:/usr/share/php:/usr/share/pear') in /home/ubuntu/workspace/rubvasquez/MIDTERM/midterm.php on line 4
[28-Mar-2018 21:37:51 UTC] PHP Stack trace:
[28-Mar-2018 21:37:51 UTC] PHP   1. {main}() /home/ubuntu/workspace/rubvasquez/MIDTERM/midterm.php:0
[28-Mar-2018 21:37:51 UTC] PHP Fatal error:  Call to undefined function getConnection() in /home/ubuntu/workspace/rubvasquez/MIDTERM/midterm.php on line 5
[28-Mar-2018 21:37:51 UTC] PHP Stack trace:
[28-Mar-2018 21:37:51 UTC] PHP   1. {main}() /home/ubuntu/workspace/rubvasquez/MIDTERM/midterm.php:0
[28-Mar-2018 21:38:39 UTC] PHP Warning:  include(../../dbConn.php): failed to open stream: No such file or directory in /home/ubuntu/workspace/rubvasquez/MIDTERM/midterm.php on line 4
[28-Mar-2018 21:38:39 UTC] PHP Stack trace:
[28-Mar-2018 21:38:39 UTC] PHP   1. {main}() /home/ubuntu/workspace/rubvasquez/MIDTERM/midterm.php:0
[28-Mar-2018 21:38:39 UTC] PHP Warning:  include(): Failed opening '../../dbConn.php' for inclusion (include_path='.:/usr/share/php:/usr/share/pear') in /home/ubuntu/workspace/rubvasquez/MIDTERM/midterm.php on line 4
[28-Mar-2018 21:38:39 UTC] PHP Stack trace:
[28-Mar-2018 21:38:39 UTC] PHP   1. {main}() /home/ubuntu/workspace/rubvasquez/MIDTERM/midterm.php:0
[28-Mar-2018 21:38:39 UTC] PHP Fatal error:  Call to undefined function getConnection() in /home/ubuntu/workspace/rubvasquez/MIDTERM/midterm.php on line 5
[28-Mar-2018 21:38:39 UTC] PHP Stack trace:
[28-Mar-2018 21:38:39 UTC] PHP   1. {main}() /home/ubuntu/workspace/rubvasquez/MIDTERM/midterm.php:0
[28-Mar-2018 21:39:05 UTC] PHP Warning:  include(../include/dbConn.php): failed to open stream: No such file or directory in /home/ubuntu/workspace/rubvasquez/MIDTERM/midterm.php on line 4
[28-Mar-2018 21:39:05 UTC] PHP Stack trace:
[28-Mar-2018 21:39:05 UTC] PHP   1. {main}() /home/ubuntu/workspace/rubvasquez/MIDTERM/midterm.php:0
[28-Mar-2018 21:39:05 UTC] PHP Warning:  include(): Failed opening '../include/dbConn.php' for inclusion (include_path='.:/usr/share/php:/usr/share/pear') in /home/ubuntu/workspace/rubvasquez/MIDTERM/midterm.php on line 4
[28-Mar-2018 21:39:05 UTC] PHP Stack trace:
[28-Mar-2018 21:39:05 UTC] PHP   1. {main}() /home/ubuntu/workspace/rubvasquez/MIDTERM/midterm.php:0
[28-Mar-2018 21:39:05 UTC] PHP Fatal error:  Call to undefined function getConnection() in /home/ubuntu/workspace/rubvasquez/MIDTERM/midterm.php on line 5
[28-Mar-2018 21:39:05 UTC] PHP Stack trace:
[28-Mar-2018 21:39:05 UTC] PHP   1. {main}() /home/ubuntu/workspace/rubvasquez/MIDTERM/midterm.php:0
[28-Mar-2018 21:42:51 UTC] PHP Warning:  include(../include/dbConn.php): failed to open stream: No such file or directory in /home/ubuntu/workspace/rubvasquez/MIDTERM/midterm.php on line 4
[28-Mar-2018 21:42:51 UTC] PHP Stack trace:
[28-Mar-2018 21:42:51 UTC] PHP   1. {main}() /home/ubuntu/workspace/rubvasquez/MIDTERM/midterm.php:0
[28-Mar-2018 21:42:51 UTC] PHP Warning:  include(): Failed opening '../include/dbConn.php' for inclusion (include_path='.:/usr/share/php:/usr/share/pear') in /home/ubuntu/workspace/rubvasquez/MIDTERM/midterm.php on line 4
[28-Mar-2018 21:42:51 UTC] PHP Stack trace:
[28-Mar-2018 21:42:51 UTC] PHP   1. {main}() /home/ubuntu/workspace/rubvasquez/MIDTERM/midterm.php:0
[28-Mar-2018 21:42:51 UTC] PHP Fatal error:  Call to undefined function getConnection() in /home/ubuntu/workspace/rubvasquez/MIDTERM/midterm.php on line 5
[28-Mar-2018 21:42:51 UTC] PHP Stack trace:
[28-Mar-2018 21:42:51 UTC] PHP   1. {main}() /home/ubuntu/workspace/rubvasquez/MIDTERM/midterm.php:0
[28-Mar-2018 22:01:00 UTC] PHP Warning:  include(../include/dbConn.php): failed to open stream: No such file or directory in /home/ubuntu/workspace/rubvasquez/MIDTERM/midterm.php on line 4
[28-Mar-2018 22:01:00 UTC] PHP Stack trace:
[28-Mar-2018 22:01:00 UTC] PHP   1. {main}() /home/ubuntu/workspace/rubvasquez/MIDTERM/midterm.php:0
[28-Mar-2018 22:01:00 UTC] PHP Warning:  include(): Failed opening '../include/dbConn.php' for inclusion (include_path='.:/usr/share/php:/usr/share/pear') in /home/ubuntu/workspace/rubvasquez/MIDTERM/midterm.php on line 4
[28-Mar-2018 22:01:00 UTC] PHP Stack trace:
[28-Mar-2018 22:01:00 UTC] PHP   1. {main}() /home/ubuntu/workspace/rubvasquez/MIDTERM/midterm.php:0
[28-Mar-2018 22:01:00 UTC] PHP Fatal error:  Call to undefined function getConnection() in /home/ubuntu/workspace/rubvasquez/MIDTERM/midterm.php on line 5
[28-Mar-2018 22:01:00 UTC] PHP Stack trace:
[28-Mar-2018 22:01:00 UTC] PHP   1. {main}() /home/ubuntu/workspace/rubvasquez/MIDTERM/midterm.php:0
[28-Mar-2018 22:01:22 UTC] PHP Warning:  include(../../dbConn.php): failed to open stream: No such file or directory in /home/ubuntu/workspace/rubvasquez/MIDTERM/midterm.php on line 4
[28-Mar-2018 22:01:22 UTC] PHP Stack trace:
[28-Mar-2018 22:01:22 UTC] PHP   1. {main}() /home/ubuntu/workspace/rubvasquez/MIDTERM/midterm.php:0
[28-Mar-2018 22:01:22 UTC] PHP Warning:  include(): Failed opening '../../dbConn.php' for inclusion (include_path='.:/usr/share/php:/usr/share/pear') in /home/ubuntu/workspace/rubvasquez/MIDTERM/midterm.php on line 4
[28-Mar-2018 22:01:22 UTC] PHP Stack trace:
[28-Mar-2018 22:01:22 UTC] PHP   1. {main}() /home/ubuntu/workspace/rubvasquez/MIDTERM/midterm.php:0
[28-Mar-2018 22:01:22 UTC] PHP Fatal error:  Call to undefined function getConnection() in /home/ubuntu/workspace/rubvasquez/MIDTERM/midterm.php on line 5
[28-Mar-2018 22:01:22 UTC] PHP Stack trace:
[28-Mar-2018 22:01:22 UTC] PHP   1. {main}() /home/ubuntu/workspace/rubvasquez/MIDTERM/midterm.php:0
[28-Mar-2018 22:03:27 UTC] PHP Warning:  include(../../dbConn.php): failed to open stream: No such file or directory in /home/ubuntu/workspace/rubvasquez/MIDTERM/midterm.php on line 4
[28-Mar-2018 22:03:27 UTC] PHP Stack trace:
[28-Mar-2018 22:03:27 UTC] PHP   1. {main}() /home/ubuntu/workspace/rubvasquez/MIDTERM/midterm.php:0
[28-Mar-2018 22:03:27 UTC] PHP Warning:  include(): Failed opening '../../dbConn.php' for inclusion (include_path='.:/usr/share/php:/usr/share/pear') in /home/ubuntu/workspace/rubvasquez/MIDTERM/midterm.php on line 4
[28-Mar-2018 22:03:27 UTC] PHP Stack trace:
[28-Mar-2018 22:03:27 UTC] PHP   1. {main}() /home/ubuntu/workspace/rubvasquez/MIDTERM/midterm.php:0
[28-Mar-2018 22:03:27 UTC] PHP Fatal error:  Call to undefined function getConnection() in /home/ubuntu/workspace/rubvasquez/MIDTERM/midterm.php on line 5
[28-Mar-2018 22:03:27 UTC] PHP Stack trace:
[28-Mar-2018 22:03:27 UTC] PHP   1. {main}() /home/ubuntu/workspace/rubvasquez/MIDTERM/midterm.php:0
[28-Mar-2018 22:04:57 UTC] PHP Warning:  include(../../dbConn.php): failed to open stream: No such file or directory in /home/ubuntu/workspace/rubvasquez/MIDTERM/midterm.php on line 4
[28-Mar-2018 22:04:57 UTC] PHP Stack trace:
[28-Mar-2018 22:04:57 UTC] PHP   1. {main}() /home/ubuntu/workspace/rubvasquez/MIDTERM/midterm.php:0
[28-Mar-2018 22:04:57 UTC] PHP Warning:  include(): Failed opening '../../dbConn.php' for inclusion (include_path='.:/usr/share/php:/usr/share/pear') in /home/ubuntu/workspace/rubvasquez/MIDTERM/midterm.php on line 4
[28-Mar-2018 22:04:57 UTC] PHP Stack trace:
[28-Mar-2018 22:04:57 UTC] PHP   1. {main}() /home/ubuntu/workspace/rubvasquez/MIDTERM/midterm.php:0
[28-Mar-2018 22:04:57 UTC] PHP Fatal error:  Call to undefined function getConnection() in /home/ubuntu/workspace/rubvasquez/MIDTERM/midterm.php on line 5
[28-Mar-2018 22:04:57 UTC] PHP Stack trace:
[28-Mar-2018 22:04:57 UTC] PHP   1. {main}() /home/ubuntu/workspace/rubvasquez/MIDTERM/midterm.php:0
[28-Mar-2018 22:05:23 UTC] PHP Fatal error:  Call to undefined function getConnection() in /home/ubuntu/workspace/rubvasquez/MIDTERM/midterm.php on line 5
[28-Mar-2018 22:05:23 UTC] PHP Stack trace:
[28-Mar-2018 22:05:23 UTC] PHP   1. {main}() /home/ubuntu/workspace/rubvasquez/MIDTERM/midterm.php:0
[28-Mar-2018 22:05:44 UTC] PHP Fatal error:  Call to undefined function getConnection() in /home/ubuntu/workspace/rubvasquez/MIDTERM/midterm.php on line 5
[28-Mar-2018 22:05:44 UTC] PHP Stack trace:
[28-Mar-2018 22:05:44 UTC] PHP   1. {main}() /home/ubuntu/workspace/rubvasquez/MIDTERM/midterm.php:0
[28-Mar-2018 22:06:14 UTC] PHP Fatal error:  Call to undefined function getConnection() in /home/ubuntu/workspace/rubvasquez/MIDTERM/midterm.php on line 5
[28-Mar-2018 22:06:14 UTC] PHP Stack trace:
[28-Mar-2018 22:06:14 UTC] PHP   1. {main}() /home/ubuntu/workspace/rubvasquez/MIDTERM/midterm.php:0
[28-Mar-2018 22:15:40 UTC] PHP Parse error:  syntax error, unexpected '"<br />"' (T_CONSTANT_ENCAPSED_STRING), expecting ',' or ';' in /home/ubuntu/workspace/rubvasquez/MIDTERM/midterm.php on line 23
[19-Apr-2018 07:35:47 UTC] PHP Fatal error:  Call to undefined function displayGenre() in /home/ubuntu/workspace/rubvasquez/FinalProject/index.php on line 54
[19-Apr-2018 07:35:47 UTC] PHP Stack trace:
[19-Apr-2018 07:35:47 UTC] PHP   1. {main}() /home/ubuntu/workspace/rubvasquez/FinalProject/index.php:0
[24-Apr-2018 02:11:30 UTC] PHP Fatal error:  Call to undefined function displayGenre() in /home/ubuntu/workspace/rubvasquez/FinalProject/index.php on line 23
[24-Apr-2018 02:11:30 UTC] PHP Stack trace:
[24-Apr-2018 02:11:30 UTC] PHP   1. {main}() /home/ubuntu/workspace/rubvasquez/FinalProject/index.php:0
[27-Apr-2018 18:34:51 UTC] PHP Fatal error:  Uncaught exception 'PDOException' with message 'SQLSTATE[42S02]: Base table or view not found: 1146 Table 'VideoGame_Store.PLATFORM' doesn't exist' in /home/ubuntu/workspace/rubvasquez/FinalProject/index.php:44
Stack trace:
#0 /home/ubuntu/workspace/rubvasquez/FinalProject/index.php(44): PDOStatement->execute()
#1 /home/ubuntu/workspace/rubvasquez/FinalProject/index.php(177): displayPlatform()
#2 {main}
  thrown in /home/ubuntu/workspace/rubvasquez/FinalProject/index.php on line 44
[01-May-2018 00:03:20 UTC] PHP Fatal error:  Cannot use isset() on the result of a function call (you can use "null !== func()" instead) in /home/ubuntu/workspace/rubvasquez/FinalProject/index.php on line 4
[01-May-2018 00:47:58 UTC] PHP Warning:  include(../../dbConnection.php): failed to open stream: No such file or directory in /home/ubuntu/workspace/rubvasquez/FinalProject/loginProcess.php on line 4
[01-May-2018 00:47:58 UTC] PHP Stack trace:
[01-May-2018 00:47:58 UTC] PHP   1. {main}() /home/ubuntu/workspace/rubvasquez/FinalProject/loginProcess.php:0
[01-May-2018 00:47:58 UTC] PHP Warning:  include(): Failed opening '../../dbConnection.php' for inclusion (include_path='.:/usr/share/php:/usr/share/pear') in /home/ubuntu/workspace/rubvasquez/FinalProject/loginProcess.php on line 4
[01-May-2018 00:47:58 UTC] PHP Stack trace:
[01-May-2018 00:47:58 UTC] PHP   1. {main}() /home/ubuntu/workspace/rubvasquez/FinalProject/loginProcess.php:0
[01-May-2018 00:47:58 UTC] PHP Fatal error:  Call to undefined function getDatabaseConnection() in /home/ubuntu/workspace/rubvasquez/FinalProject/loginProcess.php on line 6
[01-May-2018 00:47:58 UTC] PHP Stack trace:
[01-May-2018 00:47:58 UTC] PHP   1. {main}() /home/ubuntu/workspace/rubvasquez/FinalProject/loginProcess.php:0
[02-May-2018 02:54:32 UTC] PHP Warning:  include(../dbConnections.php): failed to open stream: No such file or directory in /home/ubuntu/workspace/rubvasquez/FinalProject/index.php on line 6
[02-May-2018 02:54:32 UTC] PHP Stack trace:
[02-May-2018 02:54:32 UTC] PHP   1. {main}() /home/ubuntu/workspace/rubvasquez/FinalProject/index.php:0
[02-May-2018 02:54:32 UTC] PHP Warning:  include(): Failed opening '../dbConnections.php' for inclusion (include_path='.:/usr/share/php:/usr/share/pear') in /home/ubuntu/workspace/rubvasquez/FinalProject/index.php on line 6
[02-May-2018 02:54:32 UTC] PHP Stack trace:
[02-May-2018 02:54:32 UTC] PHP   1. {main}() /home/ubuntu/workspace/rubvasquez/FinalProject/index.php:0
[02-May-2018 02:54:32 UTC] PHP Fatal error:  Call to a member function prepare() on a non-object in /home/ubuntu/workspace/rubvasquez/FinalProject/index.php on line 13
[02-May-2018 02:54:32 UTC] PHP Stack trace:
[02-May-2018 02:54:32 UTC] PHP   1. {main}() /home/ubuntu/workspace/rubvasquez/FinalProject/index.php:0
[02-May-2018 02:54:32 UTC] PHP   2. displayPlatform() /home/ubuntu/workspace/rubvasquez/FinalProject/index.php:90
[02-May-2018 02:54:57 UTC] PHP Fatal error:  Call to a member function prepare() on a non-object in /home/ubuntu/workspace/rubvasquez/FinalProject/index.php on line 13
[02-May-2018 02:54:57 UTC] PHP Stack trace:
[02-May-2018 02:54:57 UTC] PHP   1. {main}() /home/ubuntu/workspace/rubvasquez/FinalProject/index.php:0
[02-May-2018 02:54:57 UTC] PHP   2. displayPlatform() /home/ubuntu/workspace/rubvasquez/FinalProject/index.php:90
[02-May-2018 02:55:16 UTC] PHP Fatal error:  Call to a member function prepare() on a non-object in /home/ubuntu/workspace/rubvasquez/FinalProject/index.php on line 13
[02-May-2018 02:55:16 UTC] PHP Stack trace:
[02-May-2018 02:55:16 UTC] PHP   1. {main}() /home/ubuntu/workspace/rubvasquez/FinalProject/index.php:0
[02-May-2018 02:55:16 UTC] PHP   2. displayPlatform() /home/ubuntu/workspace/rubvasquez/FinalProject/index.php:90
[02-May-2018 02:56:00 UTC] PHP Fatal error:  Call to a member function prepare() on a non-object in /home/ubuntu/workspace/rubvasquez/FinalProject/index.php on line 29
[02-May-2018 02:56:00 UTC] PHP Stack trace:
[02-May-2018 02:56:00 UTC] PHP   1. {main}() /home/ubuntu/workspace/rubvasquez/FinalProject/index.php:0
[02-May-2018 02:56:00 UTC] PHP   2. displayGenre() /home/ubuntu/workspace/rubvasquez/FinalProject/index.php:83
[02-May-2018 02:56:55 UTC] PHP Fatal error:  Call to undefined function displayGenre() in /home/ubuntu/workspace/rubvasquez/FinalProject/index.php on line 70
[02-May-2018 02:56:55 UTC] PHP Stack trace:
[02-May-2018 02:56:55 UTC] PHP   1. {main}() /home/ubuntu/workspace/rubvasquez/FinalProject/index.php:0
[02-May-2018 03:11:00 UTC] PHP Fatal error:  Call to undefined function displayGenre() in /home/ubuntu/workspace/rubvasquez/FinalProject/index.php on line 70
[02-May-2018 03:11:00 UTC] PHP Stack trace:
[02-May-2018 03:11:00 UTC] PHP   1. {main}() /home/ubuntu/workspace/rubvasquez/FinalProject/index.php:0
[02-May-2018 03:11:34 UTC] PHP Fatal error:  Call to undefined function displayGenre() in /home/ubuntu/workspace/rubvasquez/FinalProject/index.php on line 70
[02-May-2018 03:11:35 UTC] PHP Stack trace:
[02-May-2018 03:11:35 UTC] PHP   1. {main}() /home/ubuntu/workspace/rubvasquez/FinalProject/index.php:0
[02-May-2018 03:11:53 UTC] PHP Fatal error:  Call to a member function prepare() on a non-object in /home/ubuntu/workspace/rubvasquez/FinalProject/index.php on line 15
[02-May-2018 03:11:53 UTC] PHP Stack trace:
[02-May-2018 03:11:53 UTC] PHP   1. {main}() /home/ubuntu/workspace/rubvasquez/FinalProject/index.php:0
[02-May-2018 03:11:53 UTC] PHP   2. displayPlatform() /home/ubuntu/workspace/rubvasquez/FinalProject/index.php:77
[02-May-2018 03:13:27 UTC] PHP Fatal error:  Call to a member function prepare() on a non-object in /home/ubuntu/workspace/rubvasquez/FinalProject/index.php on line 15
[02-May-2018 03:13:27 UTC] PHP Stack trace:
[02-May-2018 03:13:27 UTC] PHP   1. {main}() /home/ubuntu/workspace/rubvasquez/FinalProject/index.php:0
[02-May-2018 03:13:27 UTC] PHP   2. displayPlatform() /home/ubuntu/workspace/rubvasquez/FinalProject/index.php:77
[02-May-2018 03:14:41 UTC] PHP Fatal error:  Call to a member function prepare() on a non-object in /home/ubuntu/workspace/rubvasquez/FinalProject/index.php on line 15
[02-May-2018 03:14:41 UTC] PHP Stack trace:
[02-May-2018 03:14:41 UTC] PHP   1. {main}() /home/ubuntu/workspace/rubvasquez/FinalProject/index.php:0
[02-May-2018 03:14:41 UTC] PHP   2. displayPlatform() /home/ubuntu/workspace/rubvasquez/FinalProject/index.php:79
[02-May-2018 03:15:48 UTC] PHP Fatal error:  Call to a member function prepare() on a non-object in /home/ubuntu/workspace/rubvasquez/FinalProject/index.php on line 15
[02-May-2018 03:15:48 UTC] PHP Stack trace:
[02-May-2018 03:15:48 UTC] PHP   1. {main}() /home/ubuntu/workspace/rubvasquez/FinalProject/index.php:0
[02-May-2018 03:15:48 UTC] PHP   2. displayPlatform() /home/ubuntu/workspace/rubvasquez/FinalProject/index.php:79
[02-May-2018 03:31:22 UTC] PHP Fatal error:  Uncaught exception 'PDOException' with message 'SQLSTATE[42S02]: Base table or view not found: 1146 Table 'theVideoGameStore.PRICE' doesn't exist' in /home/ubuntu/workspace/rubvasquez/FinalProject/index.php:103
Stack trace:
#0 /home/ubuntu/workspace/rubvasquez/FinalProject/index.php(103): PDOStatement->execute(Array)
#1 /home/ubuntu/workspace/rubvasquez/FinalProject/index.php(234): displaySearchResults()
#2 {main}
  thrown in /home/ubuntu/workspace/rubvasquez/FinalProject/index.php on line 103
[02-May-2018 03:32:25 UTC] PHP Fatal error:  Uncaught exception 'PDOException' with message 'SQLSTATE[42S02]: Base table or view not found: 1146 Table 'theVideoGameStore.PRICE' doesn't exist' in /home/ubuntu/workspace/rubvasquez/FinalProject/index.php:97
Stack trace:
#0 /home/ubuntu/workspace/rubvasquez/FinalProject/index.php(97): PDOStatement->execute(Array)
#1 /home/ubuntu/workspace/rubvasquez/FinalProject/index.php(228): displaySearchResults()
#2 {main}
  thrown in /home/ubuntu/workspace/rubvasquez/FinalProject/index.php on line 97
[02-May-2018 03:33:19 UTC] PHP Fatal error:  Uncaught exception 'PDOException' with message 'SQLSTATE[42S02]: Base table or view not found: 1146 Table 'theVideoGameStore.PRICE' doesn't exist' in /home/ubuntu/workspace/rubvasquez/FinalProject/index.php:94
Stack trace:
#0 /home/ubuntu/workspace/rubvasquez/FinalProject/index.php(94): PDOStatement->execute(Array)
#1 /home/ubuntu/workspace/rubvasquez/FinalProject/index.php(226): displaySearchResults()
#2 {main}
  thrown in /home/ubuntu/workspace/rubvasquez/FinalProject/index.php on line 94
[02-May-2018 03:34:48 UTC] PHP Fatal error:  Uncaught exception 'PDOException' with message 'SQLSTATE[42S02]: Base table or view not found: 1146 Table 'theVideoGameStore.PRICE' doesn't exist' in /home/ubuntu/workspace/rubvasquez/FinalProject/index.php:94
Stack trace:
#0 /home/ubuntu/workspace/rubvasquez/FinalProject/index.php(94): PDOStatement->execute(Array)
#1 /home/ubuntu/workspace/rubvasquez/FinalProject/index.php(226): displaySearchResults()
#2 {main}
  thrown in /home/ubuntu/workspace/rubvasquez/FinalProject/index.php on line 94
[02-May-2018 03:36:26 UTC] PHP Fatal error:  Uncaught exception 'PDOException' with message 'SQLSTATE[42S02]: Base table or view not found: 1146 Table 'theVideoGameStore.PRICE' doesn't exist' in /home/ubuntu/workspace/rubvasquez/FinalProject/index.php:94
Stack trace:
#0 /home/ubuntu/workspace/rubvasquez/FinalProject/index.php(94): PDOStatement->execute()
#1 /home/ubuntu/workspace/rubvasquez/FinalProject/index.php(226): displaySearchResults()
#2 {main}
  thrown in /home/ubuntu/workspace/rubvasquez/FinalProject/index.php on line 94
[02-May-2018 03:42:09 UTC] PHP Fatal error:  Uncaught exception 'PDOException' with message 'SQLSTATE[42S02]: Base table or view not found: 1146 Table 'theVideoGameStore.PRICE' doesn't exist' in /home/ubuntu/workspace/rubvasquez/FinalProject/index.php:94
Stack trace:
#0 /home/ubuntu/workspace/rubvasquez/FinalProject/index.php(94): PDOStatement->execute(Array)
#1 /home/ubuntu/workspace/rubvasquez/FinalProject/index.php(218): displaySearchResults()
#2 {main}
  thrown in /home/ubuntu/workspace/rubvasquez/FinalProject/index.php on line 94
[02-May-2018 03:42:44 UTC] PHP Fatal error:  Uncaught exception 'PDOException' with message 'SQLSTATE[42S02]: Base table or view not found: 1146 Table 'theVideoGameStore.PRICE' doesn't exist' in /home/ubuntu/workspace/rubvasquez/FinalProject/index.php:94
Stack trace:
#0 /home/ubuntu/workspace/rubvasquez/FinalProject/index.php(94): PDOStatement->execute(Array)
#1 /home/ubuntu/workspace/rubvasquez/FinalProject/index.php(218): displaySearchResults()
#2 {main}
  thrown in /home/ubuntu/workspace/rubvasquez/FinalProject/index.php on line 94
[02-May-2018 08:10:24 UTC] PHP Warning:  include(dbConnections.php): failed to open stream: No such file or directory in /home/ubuntu/workspace/rubvasquez/FinalProject/admin.php on line 5
[02-May-2018 08:10:24 UTC] PHP Stack trace:
[02-May-2018 08:10:24 UTC] PHP   1. {main}() /home/ubuntu/workspace/rubvasquez/FinalProject/admin.php:0
[02-May-2018 08:10:24 UTC] PHP Warning:  include(): Failed opening 'dbConnections.php' for inclusion (include_path='.:/usr/share/php:/usr/share/pear') in /home/ubuntu/workspace/rubvasquez/FinalProject/admin.php on line 5
[02-May-2018 08:10:24 UTC] PHP Stack trace:
[02-May-2018 08:10:24 UTC] PHP   1. {main}() /home/ubuntu/workspace/rubvasquez/FinalProject/admin.php:0
[02-May-2018 08:10:24 UTC] PHP Fatal error:  Call to undefined function getDatabaseConnection() in /home/ubuntu/workspace/rubvasquez/FinalProject/admin.php on line 6
[02-May-2018 08:10:24 UTC] PHP Stack trace:
[02-May-2018 08:10:24 UTC] PHP   1. {main}() /home/ubuntu/workspace/rubvasquez/FinalProject/admin.php:0
[02-May-2018 08:12:29 UTC] PHP Fatal error:  Uncaught exception 'PDOException' with message 'SQLSTATE[HY000]: General error: 1096 No tables used' in /home/ubuntu/workspace/rubvasquez/FinalProject/admin.php:12
Stack trace:
#0 /home/ubuntu/workspace/rubvasquez/FinalProject/admin.php(12): PDOStatement->execute()
#1 /home/ubuntu/workspace/rubvasquez/FinalProject/admin.php(78): displayProducts()
#2 {main}
  thrown in /home/ubuntu/workspace/rubvasquez/FinalProject/admin.php on line 12
[02-May-2018 08:22:06 UTC] PHP Warning:  include(../../dbConnection.php): failed to open stream: No such file or directory in /home/ubuntu/workspace/rubvasquez/FinalProject/updateProduct.php on line 2
[02-May-2018 08:22:06 UTC] PHP Stack trace:
[02-May-2018 08:22:06 UTC] PHP   1. {main}() /home/ubuntu/workspace/rubvasquez/FinalProject/updateProduct.php:0
[02-May-2018 08:22:06 UTC] PHP Warning:  include(): Failed opening '../../dbConnection.php' for inclusion (include_path='.:/usr/share/php:/usr/share/pear') in /home/ubuntu/workspace/rubvasquez/FinalProject/updateProduct.php on line 2
[02-May-2018 08:22:06 UTC] PHP Stack trace:
[02-May-2018 08:22:06 UTC] PHP   1. {main}() /home/ubuntu/workspace/rubvasquez/FinalProject/updateProduct.php:0
[02-May-2018 08:22:06 UTC] PHP Fatal error:  Call to undefined function getDatabaseConnection() in /home/ubuntu/workspace/rubvasquez/FinalProject/updateProduct.php on line 4
[02-May-2018 08:22:06 UTC] PHP Stack trace:
[02-May-2018 08:22:06 UTC] PHP   1. {main}() /home/ubuntu/workspace/rubvasquez/FinalProject/updateProduct.php:0
[02-May-2018 08:34:38 UTC] PHP Warning:  include(../../dbConnection.php): failed to open stream: No such file or directory in /home/ubuntu/workspace/rubvasquez/FinalProject/updateProduct.php on line 2
[02-May-2018 08:34:38 UTC] PHP Stack trace:
[02-May-2018 08:34:38 UTC] PHP   1. {main}() /home/ubuntu/workspace/rubvasquez/FinalProject/updateProduct.php:0
[02-May-2018 08:34:38 UTC] PHP Warning:  include(): Failed opening '../../dbConnection.php' for inclusion (include_path='.:/usr/share/php:/usr/share/pear') in /home/ubuntu/workspace/rubvasquez/FinalProject/updateProduct.php on line 2
[02-May-2018 08:34:38 UTC] PHP Stack trace:
[02-May-2018 08:34:38 UTC] PHP   1. {main}() /home/ubuntu/workspace/rubvasquez/FinalProject/updateProduct.php:0
[02-May-2018 08:34:38 UTC] PHP Fatal error:  Call to undefined function getDatabaseConnection() in /home/ubuntu/workspace/rubvasquez/FinalProject/updateProduct.php on line 4
[02-May-2018 08:34:38 UTC] PHP Stack trace:
[02-May-2018 08:34:38 UTC] PHP   1. {main}() /home/ubuntu/workspace/rubvasquez/FinalProject/updateProduct.php:0
[02-May-2018 09:13:12 UTC] PHP Parse error:  syntax error, unexpected '}', expecting ',' or ';' in /home/ubuntu/workspace/rubvasquez/FinalProject/index.php on line 125
[03-May-2018 03:38:41 UTC] PHP Fatal error:  Uncaught exception 'PDOException' with message 'SQLSTATE[42000]: Syntax error or access violation: 1064 You have an error in your SQL syntax; check the manual that corresponds to your MySQL server version for the right syntax to use near ''admin'' at line 1' in /home/ubuntu/workspace/rubvasquez/FinalProject/usernameAPI.php:13
Stack trace:
#0 /home/ubuntu/workspace/rubvasquez/FinalProject/usernameAPI.php(13): PDOStatement->execute(Array)
#1 {main}
  thrown in /home/ubuntu/workspace/rubvasquez/FinalProject/usernameAPI.php on line 13
[03-May-2018 03:50:29 UTC] PHP Warning:  Illegal string offset 'ID' in /home/ubuntu/workspace/rubvasquez/FinalProject/admin.php on line 110
[03-May-2018 03:50:29 UTC] PHP Stack trace:
[03-May-2018 03:50:29 UTC] PHP   1. {main}() /home/ubuntu/workspace/rubvasquez/FinalProject/admin.php:0
[03-May-2018 03:50:29 UTC] PHP Warning:  Illegal string offset 'ID' in /home/ubuntu/workspace/rubvasquez/FinalProject/admin.php on line 114
[03-May-2018 03:50:29 UTC] PHP Stack trace:
[03-May-2018 03:50:29 UTC] PHP   1. {main}() /home/ubuntu/workspace/rubvasquez/FinalProject/admin.php:0
[03-May-2018 03:50:29 UTC] PHP Warning:  Illegal string offset 'Title' in /home/ubuntu/workspace/rubvasquez/FinalProject/admin.php on line 118
[03-May-2018 03:50:29 UTC] PHP Stack trace:
[03-May-2018 03:50:29 UTC] PHP   1. {main}() /home/ubuntu/workspace/rubvasquez/FinalProject/admin.php:0
[03-May-2018 03:50:29 UTC] PHP Warning:  Illegal string offset 'ID' in /home/ubuntu/workspace/rubvasquez/FinalProject/admin.php on line 110
[03-May-2018 03:50:29 UTC] PHP Stack trace:
[03-May-2018 03:50:29 UTC] PHP   1. {main}() /home/ubuntu/workspace/rubvasquez/FinalProject/admin.php:0
[03-May-2018 03:50:29 UTC] PHP Warning:  Illegal string offset 'ID' in /home/ubuntu/workspace/rubvasquez/FinalProject/admin.php on line 114
[03-May-2018 03:50:29 UTC] PHP Stack trace:
[03-May-2018 03:50:29 UTC] PHP   1. {main}() /home/ubuntu/workspace/rubvasquez/FinalProject/admin.php:0
[03-May-2018 03:50:29 UTC] PHP Warning:  Illegal string offset 'Title' in /home/ubuntu/workspace/rubvasquez/FinalProject/admin.php on line 118
[03-May-2018 03:50:29 UTC] PHP Stack trace:
[03-May-2018 03:50:29 UTC] PHP   1. {main}() /home/ubuntu/workspace/rubvasquez/FinalProject/admin.php:0
[03-May-2018 03:50:29 UTC] PHP Warning:  Illegal string offset 'ID' in /home/ubuntu/workspace/rubvasquez/FinalProject/admin.php on line 110
[03-May-2018 03:50:29 UTC] PHP Stack trace:
[03-May-2018 03:50:29 UTC] PHP   1. {main}() /home/ubuntu/workspace/rubvasquez/FinalProject/admin.php:0
[03-May-2018 03:50:29 UTC] PHP Warning:  Illegal string offset 'ID' in /home/ubuntu/workspace/rubvasquez/FinalProject/admin.php on line 114
[03-May-2018 03:50:29 UTC] PHP Stack trace:
[03-May-2018 03:50:29 UTC] PHP   1. {main}() /home/ubuntu/workspace/rubvasquez/FinalProject/admin.php:0
[03-May-2018 03:50:29 UTC] PHP Warning:  Illegal string offset 'Title' in /home/ubuntu/workspace/rubvasquez/FinalProject/admin.php on line 118
[03-May-2018 03:50:29 UTC] PHP Stack trace:
[03-May-2018 03:50:29 UTC] PHP   1. {main}() /home/ubuntu/workspace/rubvasquez/FinalProject/admin.php:0
[03-May-2018 03:50:29 UTC] PHP Warning:  Illegal string offset 'ID' in /home/ubuntu/workspace/rubvasquez/FinalProject/admin.php on line 110
[03-May-2018 03:50:29 UTC] PHP Stack trace:
[03-May-2018 03:50:29 UTC] PHP   1. {main}() /home/ubuntu/workspace/rubvasquez/FinalProject/admin.php:0
[03-May-2018 03:50:29 UTC] PHP Warning:  Illegal string offset 'ID' in /home/ubuntu/workspace/rubvasquez/FinalProject/admin.php on line 114
[03-May-2018 03:50:29 UTC] PHP Stack trace:
[03-May-2018 03:50:29 UTC] PHP   1. {main}() /home/ubuntu/workspace/rubvasquez/FinalProject/admin.php:0
[03-May-2018 03:50:29 UTC] PHP Warning:  Illegal string offset 'Title' in /home/ubuntu/workspace/rubvasquez/FinalProject/admin.php on line 118
[03-May-2018 03:50:29 UTC] PHP Stack trace:
[03-May-2018 03:50:29 UTC] PHP   1. {main}() /home/ubuntu/workspace/rubvasquez/FinalProject/admin.php:0
[03-May-2018 03:50:29 UTC] PHP Warning:  Illegal string offset 'ID' in /home/ubuntu/workspace/rubvasquez/FinalProject/admin.php on line 110
[03-May-2018 03:50:29 UTC] PHP Stack trace:
[03-May-2018 03:50:29 UTC] PHP   1. {main}() /home/ubuntu/workspace/rubvasquez/FinalProject/admin.php:0
[03-May-2018 03:50:29 UTC] PHP Warning:  Illegal string offset 'ID' in /home/ubuntu/workspace/rubvasquez/FinalProject/admin.php on line 114
[03-May-2018 03:50:29 UTC] PHP Stack trace:
[03-May-2018 03:50:29 UTC] PHP   1. {main}() /home/ubuntu/workspace/rubvasquez/FinalProject/admin.php:0
[03-May-2018 03:50:29 UTC] PHP Warning:  Illegal string offset 'Title' in /home/ubuntu/workspace/rubvasquez/FinalProject/admin.php on line 118
[03-May-2018 03:50:29 UTC] PHP Stack trace:
[03-May-2018 03:50:29 UTC] PHP   1. {main}() /home/ubuntu/workspace/rubvasquez/FinalProject/admin.php:0
[03-May-2018 03:51:29 UTC] PHP Warning:  Illegal string offset 'ID' in /home/ubuntu/workspace/rubvasquez/FinalProject/admin.php on line 110
[03-May-2018 03:51:29 UTC] PHP Stack trace:
[03-May-2018 03:51:29 UTC] PHP   1. {main}() /home/ubuntu/workspace/rubvasquez/FinalProject/admin.php:0
[03-May-2018 03:51:29 UTC] PHP Warning:  Illegal string offset 'ID' in /home/ubuntu/workspace/rubvasquez/FinalProject/admin.php on line 114
[03-May-2018 03:51:29 UTC] PHP Stack trace:
[03-May-2018 03:51:29 UTC] PHP   1. {main}() /home/ubuntu/workspace/rubvasquez/FinalProject/admin.php:0
[03-May-2018 03:51:29 UTC] PHP Warning:  Illegal string offset 'Title' in /home/ubuntu/workspace/rubvasquez/FinalProject/admin.php on line 118
[03-May-2018 03:51:29 UTC] PHP Stack trace:
[03-May-2018 03:51:29 UTC] PHP   1. {main}() /home/ubuntu/workspace/rubvasquez/FinalProject/admin.php:0
[03-May-2018 03:51:29 UTC] PHP Warning:  Illegal string offset 'ID' in /home/ubuntu/workspace/rubvasquez/FinalProject/admin.php on line 110
[03-May-2018 03:51:29 UTC] PHP Stack trace:
[03-May-2018 03:51:29 UTC] PHP   1. {main}() /home/ubuntu/workspace/rubvasquez/FinalProject/admin.php:0
[03-May-2018 03:51:29 UTC] PHP Warning:  Illegal string offset 'ID' in /home/ubuntu/workspace/rubvasquez/FinalProject/admin.php on line 114
[03-May-2018 03:51:29 UTC] PHP Stack trace:
[03-May-2018 03:51:29 UTC] PHP   1. {main}() /home/ubuntu/workspace/rubvasquez/FinalProject/admin.php:0
[03-May-2018 03:51:29 UTC] PHP Warning:  Illegal string offset 'Title' in /home/ubuntu/workspace/rubvasquez/FinalProject/admin.php on line 118
[03-May-2018 03:51:29 UTC] PHP Stack trace:
[03-May-2018 03:51:29 UTC] PHP   1. {main}() /home/ubuntu/workspace/rubvasquez/FinalProject/admin.php:0
[03-May-2018 03:51:29 UTC] PHP Warning:  Illegal string offset 'ID' in /home/ubuntu/workspace/rubvasquez/FinalProject/admin.php on line 110
[03-May-2018 03:51:29 UTC] PHP Stack trace:
[03-May-2018 03:51:29 UTC] PHP   1. {main}() /home/ubuntu/workspace/rubvasquez/FinalProject/admin.php:0
[03-May-2018 03:51:29 UTC] PHP Warning:  Illegal string offset 'ID' in /home/ubuntu/workspace/rubvasquez/FinalProject/admin.php on line 114
[03-May-2018 03:51:29 UTC] PHP Stack trace:
[03-May-2018 03:51:29 UTC] PHP   1. {main}() /home/ubuntu/workspace/rubvasquez/FinalProject/admin.php:0
[03-May-2018 03:51:29 UTC] PHP Warning:  Illegal string offset 'Title' in /home/ubuntu/workspace/rubvasquez/FinalProject/admin.php on line 118
[03-May-2018 03:51:29 UTC] PHP Stack trace:
[03-May-2018 03:51:29 UTC] PHP   1. {main}() /home/ubuntu/workspace/rubvasquez/FinalProject/admin.php:0
[03-May-2018 03:51:29 UTC] PHP Warning:  Illegal string offset 'ID' in /home/ubuntu/workspace/rubvasquez/FinalProject/admin.php on line 110
[03-May-2018 03:51:29 UTC] PHP Stack trace:
[03-May-2018 03:51:29 UTC] PHP   1. {main}() /home/ubuntu/workspace/rubvasquez/FinalProject/admin.php:0
[03-May-2018 03:51:29 UTC] PHP Warning:  Illegal string offset 'ID' in /home/ubuntu/workspace/rubvasquez/FinalProject/admin.php on line 114
[03-May-2018 03:51:29 UTC] PHP Stack trace:
[03-May-2018 03:51:29 UTC] PHP   1. {main}() /home/ubuntu/workspace/rubvasquez/FinalProject/admin.php:0
[03-May-2018 03:51:29 UTC] PHP Warning:  Illegal string offset 'Title' in /home/ubuntu/workspace/rubvasquez/FinalProject/admin.php on line 118
[03-May-2018 03:51:29 UTC] PHP Stack trace:
[03-May-2018 03:51:29 UTC] PHP   1. {main}() /home/ubuntu/workspace/rubvasquez/FinalProject/admin.php:0
[03-May-2018 03:51:29 UTC] PHP Warning:  Illegal string offset 'ID' in /home/ubuntu/workspace/rubvasquez/FinalProject/admin.php on line 110
[03-May-2018 03:51:29 UTC] PHP Stack trace:
[03-May-2018 03:51:29 UTC] PHP   1. {main}() /home/ubuntu/workspace/rubvasquez/FinalProject/admin.php:0
[03-May-2018 03:51:29 UTC] PHP Warning:  Illegal string offset 'ID' in /home/ubuntu/workspace/rubvasquez/FinalProject/admin.php on line 114
[03-May-2018 03:51:29 UTC] PHP Stack trace:
[03-May-2018 03:51:29 UTC] PHP   1. {main}() /home/ubuntu/workspace/rubvasquez/FinalProject/admin.php:0
[03-May-2018 03:51:29 UTC] PHP Warning:  Illegal string offset 'Title' in /home/ubuntu/workspace/rubvasquez/FinalProject/admin.php on line 118
[03-May-2018 03:51:29 UTC] PHP Stack trace:
[03-May-2018 03:51:29 UTC] PHP   1. {main}() /home/ubuntu/workspace/rubvasquez/FinalProject/admin.php:0
[03-May-2018 03:52:21 UTC] PHP Warning:  Illegal string offset 'ID' in /home/ubuntu/workspace/rubvasquez/FinalProject/admin.php on line 110
[03-May-2018 03:52:21 UTC] PHP Stack trace:
[03-May-2018 03:52:21 UTC] PHP   1. {main}() /home/ubuntu/workspace/rubvasquez/FinalProject/admin.php:0
[03-May-2018 03:52:21 UTC] PHP Warning:  Illegal string offset 'ID' in /home/ubuntu/workspace/rubvasquez/FinalProject/admin.php on line 114
[03-May-2018 03:52:21 UTC] PHP Stack trace:
[03-May-2018 03:52:21 UTC] PHP   1. {main}() /home/ubuntu/workspace/rubvasquez/FinalProject/admin.php:0
[03-May-2018 03:52:21 UTC] PHP Warning:  Illegal string offset 'Title' in /home/ubuntu/workspace/rubvasquez/FinalProject/admin.php on line 118
[03-May-2018 03:52:21 UTC] PHP Stack trace:
[03-May-2018 03:52:21 UTC] PHP   1. {main}() /home/ubuntu/workspace/rubvasquez/FinalProject/admin.php:0
[03-May-2018 03:52:21 UTC] PHP Warning:  Illegal string offset 'ID' in /home/ubuntu/workspace/rubvasquez/FinalProject/admin.php on line 110
[03-May-2018 03:52:21 UTC] PHP Stack trace:
[03-May-2018 03:52:21 UTC] PHP   1. {main}() /home/ubuntu/workspace/rubvasquez/FinalProject/admin.php:0
[03-May-2018 03:52:21 UTC] PHP Warning:  Illegal string offset 'ID' in /home/ubuntu/workspace/rubvasquez/FinalProject/admin.php on line 114
[03-May-2018 03:52:21 UTC] PHP Stack trace:
[03-May-2018 03:52:21 UTC] PHP   1. {main}() /home/ubuntu/workspace/rubvasquez/FinalProject/admin.php:0
[03-May-2018 03:52:21 UTC] PHP Warning:  Illegal string offset 'Title' in /home/ubuntu/workspace/rubvasquez/FinalProject/admin.php on line 118
[03-May-2018 03:52:21 UTC] PHP Stack trace:
[03-May-2018 03:52:21 UTC] PHP   1. {main}() /home/ubuntu/workspace/rubvasquez/FinalProject/admin.php:0
[03-May-2018 03:52:21 UTC] PHP Warning:  Illegal string offset 'ID' in /home/ubuntu/workspace/rubvasquez/FinalProject/admin.php on line 110
[03-May-2018 03:52:21 UTC] PHP Stack trace:
[03-May-2018 03:52:21 UTC] PHP   1. {main}() /home/ubuntu/workspace/rubvasquez/FinalProject/admin.php:0
[03-May-2018 03:52:21 UTC] PHP Warning:  Illegal string offset 'ID' in /home/ubuntu/workspace/rubvasquez/FinalProject/admin.php on line 114
[03-May-2018 03:52:21 UTC] PHP Stack trace:
[03-May-2018 03:52:21 UTC] PHP   1. {main}() /home/ubuntu/workspace/rubvasquez/FinalProject/admin.php:0
[03-May-2018 03:52:21 UTC] PHP Warning:  Illegal string offset 'Title' in /home/ubuntu/workspace/rubvasquez/FinalProject/admin.php on line 118
[03-May-2018 03:52:21 UTC] PHP Stack trace:
[03-May-2018 03:52:21 UTC] PHP   1. {main}() /home/ubuntu/workspace/rubvasquez/FinalProject/admin.php:0
[03-May-2018 03:52:21 UTC] PHP Warning:  Illegal string offset 'ID' in /home/ubuntu/workspace/rubvasquez/FinalProject/admin.php on line 110
[03-May-2018 03:52:21 UTC] PHP Stack trace:
[03-May-2018 03:52:21 UTC] PHP   1. {main}() /home/ubuntu/workspace/rubvasquez/FinalProject/admin.php:0
[03-May-2018 03:52:21 UTC] PHP Warning:  Illegal string offset 'ID' in /home/ubuntu/workspace/rubvasquez/FinalProject/admin.php on line 114
[03-May-2018 03:52:21 UTC] PHP Stack trace:
[03-May-2018 03:52:21 UTC] PHP   1. {main}() /home/ubuntu/workspace/rubvasquez/FinalProject/admin.php:0
[03-May-2018 03:52:21 UTC] PHP Warning:  Illegal string offset 'Title' in /home/ubuntu/workspace/rubvasquez/FinalProject/admin.php on line 118
[03-May-2018 03:52:21 UTC] PHP Stack trace:
[03-May-2018 03:52:21 UTC] PHP   1. {main}() /home/ubuntu/workspace/rubvasquez/FinalProject/admin.php:0
[03-May-2018 03:52:21 UTC] PHP Warning:  Illegal string offset 'ID' in /home/ubuntu/workspace/rubvasquez/FinalProject/admin.php on line 110
[03-May-2018 03:52:21 UTC] PHP Stack trace:
[03-May-2018 03:52:21 UTC] PHP   1. {main}() /home/ubuntu/workspace/rubvasquez/FinalProject/admin.php:0
[03-May-2018 03:52:21 UTC] PHP Warning:  Illegal string offset 'ID' in /home/ubuntu/workspace/rubvasquez/FinalProject/admin.php on line 114
[03-May-2018 03:52:21 UTC] PHP Stack trace:
[03-May-2018 03:52:21 UTC] PHP   1. {main}() /home/ubuntu/workspace/rubvasquez/FinalProject/admin.php:0
[03-May-2018 03:52:21 UTC] PHP Warning:  Illegal string offset 'Title' in /home/ubuntu/workspace/rubvasquez/FinalProject/admin.php on line 118
[03-May-2018 03:52:21 UTC] PHP Stack trace:
[03-May-2018 03:52:21 UTC] PHP   1. {main}() /home/ubuntu/workspace/rubvasquez/FinalProject/admin.php:0
[03-May-2018 03:58:20 UTC] PHP Warning:  Illegal string offset 'ID' in /home/ubuntu/workspace/rubvasquez/FinalProject/admin.php on line 110
[03-May-2018 03:58:20 UTC] PHP Stack trace:
[03-May-2018 03:58:20 UTC] PHP   1. {main}() /home/ubuntu/workspace/rubvasquez/FinalProject/admin.php:0
[03-May-2018 03:58:20 UTC] PHP Warning:  Illegal string offset 'ID' in /home/ubuntu/workspace/rubvasquez/FinalProject/admin.php on line 114
[03-May-2018 03:58:20 UTC] PHP Stack trace:
[03-May-2018 03:58:20 UTC] PHP   1. {main}() /home/ubuntu/workspace/rubvasquez/FinalProject/admin.php:0
[03-May-2018 03:58:20 UTC] PHP Warning:  Illegal string offset 'Title' in /home/ubuntu/workspace/rubvasquez/FinalProject/admin.php on line 118
[03-May-2018 03:58:20 UTC] PHP Stack trace:
[03-May-2018 03:58:20 UTC] PHP   1. {main}() /home/ubuntu/workspace/rubvasquez/FinalProject/admin.php:0
[03-May-2018 03:58:20 UTC] PHP Warning:  Illegal string offset 'ID' in /home/ubuntu/workspace/rubvasquez/FinalProject/admin.php on line 110
[03-May-2018 03:58:20 UTC] PHP Stack trace:
[03-May-2018 03:58:20 UTC] PHP   1. {main}() /home/ubuntu/workspace/rubvasquez/FinalProject/admin.php:0
[03-May-2018 03:58:20 UTC] PHP Warning:  Illegal string offset 'ID' in /home/ubuntu/workspace/rubvasquez/FinalProject/admin.php on line 114
[03-May-2018 03:58:20 UTC] PHP Stack trace:
[03-May-2018 03:58:20 UTC] PHP   1. {main}() /home/ubuntu/workspace/rubvasquez/FinalProject/admin.php:0
[03-May-2018 03:58:20 UTC] PHP Warning:  Illegal string offset 'Title' in /home/ubuntu/workspace/rubvasquez/FinalProject/admin.php on line 118
[03-May-2018 03:58:20 UTC] PHP Stack trace:
[03-May-2018 03:58:20 UTC] PHP   1. {main}() /home/ubuntu/workspace/rubvasquez/FinalProject/admin.php:0
[03-May-2018 03:58:20 UTC] PHP Warning:  Illegal string offset 'ID' in /home/ubuntu/workspace/rubvasquez/FinalProject/admin.php on line 110
[03-May-2018 03:58:20 UTC] PHP Stack trace:
[03-May-2018 03:58:20 UTC] PHP   1. {main}() /home/ubuntu/workspace/rubvasquez/FinalProject/admin.php:0
[03-May-2018 03:58:20 UTC] PHP Warning:  Illegal string offset 'ID' in /home/ubuntu/workspace/rubvasquez/FinalProject/admin.php on line 114
[03-May-2018 03:58:20 UTC] PHP Stack trace:
[03-May-2018 03:58:20 UTC] PHP   1. {main}() /home/ubuntu/workspace/rubvasquez/FinalProject/admin.php:0
[03-May-2018 03:58:20 UTC] PHP Warning:  Illegal string offset 'Title' in /home/ubuntu/workspace/rubvasquez/FinalProject/admin.php on line 118
[03-May-2018 03:58:20 UTC] PHP Stack trace:
[03-May-2018 03:58:20 UTC] PHP   1. {main}() /home/ubuntu/workspace/rubvasquez/FinalProject/admin.php:0
[03-May-2018 03:58:20 UTC] PHP Warning:  Illegal string offset 'ID' in /home/ubuntu/workspace/rubvasquez/FinalProject/admin.php on line 110
[03-May-2018 03:58:20 UTC] PHP Stack trace:
[03-May-2018 03:58:20 UTC] PHP   1. {main}() /home/ubuntu/workspace/rubvasquez/FinalProject/admin.php:0
[03-May-2018 03:58:20 UTC] PHP Warning:  Illegal string offset 'ID' in /home/ubuntu/workspace/rubvasquez/FinalProject/admin.php on line 114
[03-May-2018 03:58:20 UTC] PHP Stack trace:
[03-May-2018 03:58:20 UTC] PHP   1. {main}() /home/ubuntu/workspace/rubvasquez/FinalProject/admin.php:0
[03-May-2018 03:58:20 UTC] PHP Warning:  Illegal string offset 'Title' in /home/ubuntu/workspace/rubvasquez/FinalProject/admin.php on line 118
[03-May-2018 03:58:20 UTC] PHP Stack trace:
[03-May-2018 03:58:20 UTC] PHP   1. {main}() /home/ubuntu/workspace/rubvasquez/FinalProject/admin.php:0
[03-May-2018 03:58:20 UTC] PHP Warning:  Illegal string offset 'ID' in /home/ubuntu/workspace/rubvasquez/FinalProject/admin.php on line 110
[03-May-2018 03:58:20 UTC] PHP Stack trace:
[03-May-2018 03:58:20 UTC] PHP   1. {main}() /home/ubuntu/workspace/rubvasquez/FinalProject/admin.php:0
[03-May-2018 03:58:20 UTC] PHP Warning:  Illegal string offset 'ID' in /home/ubuntu/workspace/rubvasquez/FinalProject/admin.php on line 114
[03-May-2018 03:58:20 UTC] PHP Stack trace:
[03-May-2018 03:58:20 UTC] PHP   1. {main}() /home/ubuntu/workspace/rubvasquez/FinalProject/admin.php:0
[03-May-2018 03:58:20 UTC] PHP Warning:  Illegal string offset 'Title' in /home/ubuntu/workspace/rubvasquez/FinalProject/admin.php on line 118
[03-May-2018 03:58:20 UTC] PHP Stack trace:
[03-May-2018 03:58:20 UTC] PHP   1. {main}() /home/ubuntu/workspace/rubvasquez/FinalProject/admin.php:0
[03-May-2018 04:00:20 UTC] PHP Warning:  Illegal string offset 'ID' in /home/ubuntu/workspace/rubvasquez/FinalProject/admin.php on line 110
[03-May-2018 04:00:20 UTC] PHP Stack trace:
[03-May-2018 04:00:20 UTC] PHP   1. {main}() /home/ubuntu/workspace/rubvasquez/FinalProject/admin.php:0
[03-May-2018 04:00:20 UTC] PHP Warning:  Illegal string offset 'ID' in /home/ubuntu/workspace/rubvasquez/FinalProject/admin.php on line 114
[03-May-2018 04:00:20 UTC] PHP Stack trace:
[03-May-2018 04:00:20 UTC] PHP   1. {main}() /home/ubuntu/workspace/rubvasquez/FinalProject/admin.php:0
[03-May-2018 04:00:20 UTC] PHP Warning:  Illegal string offset 'Title' in /home/ubuntu/workspace/rubvasquez/FinalProject/admin.php on line 118
[03-May-2018 04:00:20 UTC] PHP Stack trace:
[03-May-2018 04:00:20 UTC] PHP   1. {main}() /home/ubuntu/workspace/rubvasquez/FinalProject/admin.php:0
[03-May-2018 04:00:20 UTC] PHP Warning:  Illegal string offset 'ID' in /home/ubuntu/workspace/rubvasquez/FinalProject/admin.php on line 110
[03-May-2018 04:00:20 UTC] PHP Stack trace:
[03-May-2018 04:00:20 UTC] PHP   1. {main}() /home/ubuntu/workspace/rubvasquez/FinalProject/admin.php:0
[03-May-2018 04:00:20 UTC] PHP Warning:  Illegal string offset 'ID' in /home/ubuntu/workspace/rubvasquez/FinalProject/admin.php on line 114
[03-May-2018 04:00:20 UTC] PHP Stack trace:
[03-May-2018 04:00:20 UTC] PHP   1. {main}() /home/ubuntu/workspace/rubvasquez/FinalProject/admin.php:0
[03-May-2018 04:00:20 UTC] PHP Warning:  Illegal string offset 'Title' in /home/ubuntu/workspace/rubvasquez/FinalProject/admin.php on line 118
[03-May-2018 04:00:20 UTC] PHP Stack trace:
[03-May-2018 04:00:20 UTC] PHP   1. {main}() /home/ubuntu/workspace/rubvasquez/FinalProject/admin.php:0
[03-May-2018 04:00:20 UTC] PHP Warning:  Illegal string offset 'ID' in /home/ubuntu/workspace/rubvasquez/FinalProject/admin.php on line 110
[03-May-2018 04:00:20 UTC] PHP Stack trace:
[03-May-2018 04:00:20 UTC] PHP   1. {main}() /home/ubuntu/workspace/rubvasquez/FinalProject/admin.php:0
[03-May-2018 04:00:20 UTC] PHP Warning:  Illegal string offset 'ID' in /home/ubuntu/workspace/rubvasquez/FinalProject/admin.php on line 114
[03-May-2018 04:00:20 UTC] PHP Stack trace:
[03-May-2018 04:00:20 UTC] PHP   1. {main}() /home/ubuntu/workspace/rubvasquez/FinalProject/admin.php:0
[03-May-2018 04:00:20 UTC] PHP Warning:  Illegal string offset 'Title' in /home/ubuntu/workspace/rubvasquez/FinalProject/admin.php on line 118
[03-May-2018 04:00:20 UTC] PHP Stack trace:
[03-May-2018 04:00:20 UTC] PHP   1. {main}() /home/ubuntu/workspace/rubvasquez/FinalProject/admin.php:0
[03-May-2018 04:00:20 UTC] PHP Warning:  Illegal string offset 'ID' in /home/ubuntu/workspace/rubvasquez/FinalProject/admin.php on line 110
[03-May-2018 04:00:20 UTC] PHP Stack trace:
[03-May-2018 04:00:20 UTC] PHP   1. {main}() /home/ubuntu/workspace/rubvasquez/FinalProject/admin.php:0
[03-May-2018 04:00:20 UTC] PHP Warning:  Illegal string offset 'ID' in /home/ubuntu/workspace/rubvasquez/FinalProject/admin.php on line 114
[03-May-2018 04:00:20 UTC] PHP Stack trace:
[03-May-2018 04:00:20 UTC] PHP   1. {main}() /home/ubuntu/workspace/rubvasquez/FinalProject/admin.php:0
[03-May-2018 04:00:20 UTC] PHP Warning:  Illegal string offset 'Title' in /home/ubuntu/workspace/rubvasquez/FinalProject/admin.php on line 118
[03-May-2018 04:00:20 UTC] PHP Stack trace:
[03-May-2018 04:00:20 UTC] PHP   1. {main}() /home/ubuntu/workspace/rubvasquez/FinalProject/admin.php:0
[03-May-2018 04:00:20 UTC] PHP Warning:  Illegal string offset 'ID' in /home/ubuntu/workspace/rubvasquez/FinalProject/admin.php on line 110
[03-May-2018 04:00:20 UTC] PHP Stack trace:
[03-May-2018 04:00:20 UTC] PHP   1. {main}() /home/ubuntu/workspace/rubvasquez/FinalProject/admin.php:0
[03-May-2018 04:00:20 UTC] PHP Warning:  Illegal string offset 'ID' in /home/ubuntu/workspace/rubvasquez/FinalProject/admin.php on line 114
[03-May-2018 04:00:20 UTC] PHP Stack trace:
[03-May-2018 04:00:20 UTC] PHP   1. {main}() /home/ubuntu/workspace/rubvasquez/FinalProject/admin.php:0
[03-May-2018 04:00:20 UTC] PHP Warning:  Illegal string offset 'Title' in /home/ubuntu/workspace/rubvasquez/FinalProject/admin.php on line 118
[03-May-2018 04:00:20 UTC] PHP Stack trace:
[03-May-2018 04:00:20 UTC] PHP   1. {main}() /home/ubuntu/workspace/rubvasquez/FinalProject/admin.php:0
[03-May-2018 04:00:49 UTC] PHP Warning:  Illegal string offset 'Id' in /home/ubuntu/workspace/rubvasquez/FinalProject/admin.php on line 110
[03-May-2018 04:00:49 UTC] PHP Stack trace:
[03-May-2018 04:00:49 UTC] PHP   1. {main}() /home/ubuntu/workspace/rubvasquez/FinalProject/admin.php:0
[03-May-2018 04:00:49 UTC] PHP Warning:  Illegal string offset 'Id' in /home/ubuntu/workspace/rubvasquez/FinalProject/admin.php on line 114
[03-May-2018 04:00:49 UTC] PHP Stack trace:
[03-May-2018 04:00:49 UTC] PHP   1. {main}() /home/ubuntu/workspace/rubvasquez/FinalProject/admin.php:0
[03-May-2018 04:00:49 UTC] PHP Warning:  Illegal string offset 'Title' in /home/ubuntu/workspace/rubvasquez/FinalProject/admin.php on line 118
[03-May-2018 04:00:49 UTC] PHP Stack trace:
[03-May-2018 04:00:49 UTC] PHP   1. {main}() /home/ubuntu/workspace/rubvasquez/FinalProject/admin.php:0
[03-May-2018 04:00:49 UTC] PHP Warning:  Illegal string offset 'Id' in /home/ubuntu/workspace/rubvasquez/FinalProject/admin.php on line 110
[03-May-2018 04:00:49 UTC] PHP Stack trace:
[03-May-2018 04:00:49 UTC] PHP   1. {main}() /home/ubuntu/workspace/rubvasquez/FinalProject/admin.php:0
[03-May-2018 04:00:49 UTC] PHP Warning:  Illegal string offset 'Id' in /home/ubuntu/workspace/rubvasquez/FinalProject/admin.php on line 114
[03-May-2018 04:00:49 UTC] PHP Stack trace:
[03-May-2018 04:00:49 UTC] PHP   1. {main}() /home/ubuntu/workspace/rubvasquez/FinalProject/admin.php:0
[03-May-2018 04:00:49 UTC] PHP Warning:  Illegal string offset 'Title' in /home/ubuntu/workspace/rubvasquez/FinalProject/admin.php on line 118
[03-May-2018 04:00:49 UTC] PHP Stack trace:
[03-May-2018 04:00:49 UTC] PHP   1. {main}() /home/ubuntu/workspace/rubvasquez/FinalProject/admin.php:0
[03-May-2018 04:00:49 UTC] PHP Warning:  Illegal string offset 'Id' in /home/ubuntu/workspace/rubvasquez/FinalProject/admin.php on line 110
[03-May-2018 04:00:49 UTC] PHP Stack trace:
[03-May-2018 04:00:49 UTC] PHP   1. {main}() /home/ubuntu/workspace/rubvasquez/FinalProject/admin.php:0
[03-May-2018 04:00:49 UTC] PHP Warning:  Illegal string offset 'Id' in /home/ubuntu/workspace/rubvasquez/FinalProject/admin.php on line 114
[03-May-2018 04:00:49 UTC] PHP Stack trace:
[03-May-2018 04:00:49 UTC] PHP   1. {main}() /home/ubuntu/workspace/rubvasquez/FinalProject/admin.php:0
[03-May-2018 04:00:49 UTC] PHP Warning:  Illegal string offset 'Title' in /home/ubuntu/workspace/rubvasquez/FinalProject/admin.php on line 118
[03-May-2018 04:00:49 UTC] PHP Stack trace:
[03-May-2018 04:00:49 UTC] PHP   1. {main}() /home/ubuntu/workspace/rubvasquez/FinalProject/admin.php:0
[03-May-2018 04:00:49 UTC] PHP Warning:  Illegal string offset 'Id' in /home/ubuntu/workspace/rubvasquez/FinalProject/admin.php on line 110
[03-May-2018 04:00:49 UTC] PHP Stack trace:
[03-May-2018 04:00:49 UTC] PHP   1. {main}() /home/ubuntu/workspace/rubvasquez/FinalProject/admin.php:0
[03-May-2018 04:00:49 UTC] PHP Warning:  Illegal string offset 'Id' in /home/ubuntu/workspace/rubvasquez/FinalProject/admin.php on line 114
[03-May-2018 04:00:49 UTC] PHP Stack trace:
[03-May-2018 04:00:49 UTC] PHP   1. {main}() /home/ubuntu/workspace/rubvasquez/FinalProject/admin.php:0
[03-May-2018 04:00:49 UTC] PHP Warning:  Illegal string offset 'Title' in /home/ubuntu/workspace/rubvasquez/FinalProject/admin.php on line 118
[03-May-2018 04:00:49 UTC] PHP Stack trace:
[03-May-2018 04:00:49 UTC] PHP   1. {main}() /home/ubuntu/workspace/rubvasquez/FinalProject/admin.php:0
[03-May-2018 04:00:49 UTC] PHP Warning:  Illegal string offset 'Id' in /home/ubuntu/workspace/rubvasquez/FinalProject/admin.php on line 110
[03-May-2018 04:00:49 UTC] PHP Stack trace:
[03-May-2018 04:00:49 UTC] PHP   1. {main}() /home/ubuntu/workspace/rubvasquez/FinalProject/admin.php:0
[03-May-2018 04:00:49 UTC] PHP Warning:  Illegal string offset 'Id' in /home/ubuntu/workspace/rubvasquez/FinalProject/admin.php on line 114
[03-May-2018 04:00:49 UTC] PHP Stack trace:
[03-May-2018 04:00:49 UTC] PHP   1. {main}() /home/ubuntu/workspace/rubvasquez/FinalProject/admin.php:0
[03-May-2018 04:00:49 UTC] PHP Warning:  Illegal string offset 'Title' in /home/ubuntu/workspace/rubvasquez/FinalProject/admin.php on line 118
[03-May-2018 04:00:49 UTC] PHP Stack trace:
[03-May-2018 04:00:49 UTC] PHP   1. {main}() /home/ubuntu/workspace/rubvasquez/FinalProject/admin.php:0
[03-May-2018 04:05:19 UTC] PHP Warning:  Illegal string offset 'gameId' in /home/ubuntu/workspace/rubvasquez/FinalProject/admin.php on line 110
[03-May-2018 04:05:19 UTC] PHP Stack trace:
[03-May-2018 04:05:19 UTC] PHP   1. {main}() /home/ubuntu/workspace/rubvasquez/FinalProject/admin.php:0
[03-May-2018 04:05:19 UTC] PHP Warning:  Illegal string offset 'gameId' in /home/ubuntu/workspace/rubvasquez/FinalProject/admin.php on line 114
[03-May-2018 04:05:19 UTC] PHP Stack trace:
[03-May-2018 04:05:19 UTC] PHP   1. {main}() /home/ubuntu/workspace/rubvasquez/FinalProject/admin.php:0
[03-May-2018 04:05:19 UTC] PHP Warning:  Illegal string offset 'productName' in /home/ubuntu/workspace/rubvasquez/FinalProject/admin.php on line 118
[03-May-2018 04:05:19 UTC] PHP Stack trace:
[03-May-2018 04:05:19 UTC] PHP   1. {main}() /home/ubuntu/workspace/rubvasquez/FinalProject/admin.php:0
[03-May-2018 04:05:19 UTC] PHP Warning:  Illegal string offset 'gameId' in /home/ubuntu/workspace/rubvasquez/FinalProject/admin.php on line 110
[03-May-2018 04:05:19 UTC] PHP Stack trace:
[03-May-2018 04:05:19 UTC] PHP   1. {main}() /home/ubuntu/workspace/rubvasquez/FinalProject/admin.php:0
[03-May-2018 04:05:19 UTC] PHP Warning:  Illegal string offset 'gameId' in /home/ubuntu/workspace/rubvasquez/FinalProject/admin.php on line 114
[03-May-2018 04:05:19 UTC] PHP Stack trace:
[03-May-2018 04:05:19 UTC] PHP   1. {main}() /home/ubuntu/workspace/rubvasquez/FinalProject/admin.php:0
[03-May-2018 04:05:19 UTC] PHP Warning:  Illegal string offset 'productName' in /home/ubuntu/workspace/rubvasquez/FinalProject/admin.php on line 118
[03-May-2018 04:05:19 UTC] PHP Stack trace:
[03-May-2018 04:05:19 UTC] PHP   1. {main}() /home/ubuntu/workspace/rubvasquez/FinalProject/admin.php:0
[03-May-2018 04:05:19 UTC] PHP Warning:  Illegal string offset 'gameId' in /home/ubuntu/workspace/rubvasquez/FinalProject/admin.php on line 110
[03-May-2018 04:05:19 UTC] PHP Stack trace:
[03-May-2018 04:05:19 UTC] PHP   1. {main}() /home/ubuntu/workspace/rubvasquez/FinalProject/admin.php:0
[03-May-2018 04:05:19 UTC] PHP Warning:  Illegal string offset 'gameId' in /home/ubuntu/workspace/rubvasquez/FinalProject/admin.php on line 114
[03-May-2018 04:05:19 UTC] PHP Stack trace:
[03-May-2018 04:05:19 UTC] PHP   1. {main}() /home/ubuntu/workspace/rubvasquez/FinalProject/admin.php:0
[03-May-2018 04:05:19 UTC] PHP Warning:  Illegal string offset 'productName' in /home/ubuntu/workspace/rubvasquez/FinalProject/admin.php on line 118
[03-May-2018 04:05:19 UTC] PHP Stack trace:
[03-May-2018 04:05:19 UTC] PHP   1. {main}() /home/ubuntu/workspace/rubvasquez/FinalProject/admin.php:0
[03-May-2018 04:05:19 UTC] PHP Warning:  Illegal string offset 'gameId' in /home/ubuntu/workspace/rubvasquez/FinalProject/admin.php on line 110
[03-May-2018 04:05:19 UTC] PHP Stack trace:
[03-May-2018 04:05:19 UTC] PHP   1. {main}() /home/ubuntu/workspace/rubvasquez/FinalProject/admin.php:0
[03-May-2018 04:05:19 UTC] PHP Warning:  Illegal string offset 'gameId' in /home/ubuntu/workspace/rubvasquez/FinalProject/admin.php on line 114
[03-May-2018 04:05:19 UTC] PHP Stack trace:
[03-May-2018 04:05:19 UTC] PHP   1. {main}() /home/ubuntu/workspace/rubvasquez/FinalProject/admin.php:0
[03-May-2018 04:05:19 UTC] PHP Warning:  Illegal string offset 'productName' in /home/ubuntu/workspace/rubvasquez/FinalProject/admin.php on line 118
[03-May-2018 04:05:19 UTC] PHP Stack trace:
[03-May-2018 04:05:19 UTC] PHP   1. {main}() /home/ubuntu/workspace/rubvasquez/FinalProject/admin.php:0
[03-May-2018 04:05:19 UTC] PHP Warning:  Illegal string offset 'gameId' in /home/ubuntu/workspace/rubvasquez/FinalProject/admin.php on line 110
[03-May-2018 04:05:19 UTC] PHP Stack trace:
[03-May-2018 04:05:19 UTC] PHP   1. {main}() /home/ubuntu/workspace/rubvasquez/FinalProject/admin.php:0
[03-May-2018 04:05:19 UTC] PHP Warning:  Illegal string offset 'gameId' in /home/ubuntu/workspace/rubvasquez/FinalProject/admin.php on line 114
[03-May-2018 04:05:19 UTC] PHP Stack trace:
[03-May-2018 04:05:19 UTC] PHP   1. {main}() /home/ubuntu/workspace/rubvasquez/FinalProject/admin.php:0
[03-May-2018 04:05:19 UTC] PHP Warning:  Illegal string offset 'productName' in /home/ubuntu/workspace/rubvasquez/FinalProject/admin.php on line 118
[03-May-2018 04:05:19 UTC] PHP Stack trace:
[03-May-2018 04:05:19 UTC] PHP   1. {main}() /home/ubuntu/workspace/rubvasquez/FinalProject/admin.php:0
[04-May-2018 20:05:48 UTC] PHP Fatal error:  Call to undefined function getPlatform() in /home/ubuntu/workspace/rubvasquez/FinalProject/addProducts.php on line 49
[04-May-2018 20:05:48 UTC] PHP Stack trace:
[04-May-2018 20:05:48 UTC] PHP   1. {main}() /home/ubuntu/workspace/rubvasquez/FinalProject/addProducts.php:0
[04-May-2018 20:16:36 UTC] PHP Fatal error:  Uncaught exception 'PDOException' with message 'SQLSTATE[42S22]: Column not found: 1054 Unknown column 'ID' in 'field list'' in /home/ubuntu/workspace/rubvasquez/FinalProject/addProducts.php:56
Stack trace:
#0 /home/ubuntu/workspace/rubvasquez/FinalProject/addProducts.php(56): PDOStatement->execute(Array)
#1 {main}
  thrown in /home/ubuntu/workspace/rubvasquez/FinalProject/addProducts.php on line 56
