[21-Feb-2018 08:34:19 UTC] PHP Parse error:  syntax error, unexpected ':' in /home/ubuntu/workspace/rubvasquez/hw/hw2/inc/functions.php on line 12
[21-Feb-2018 08:34:19 UTC] PHP Stack trace:
[21-Feb-2018 08:34:19 UTC] PHP   1. {main}() /home/ubuntu/workspace/rubvasquez/hw/hw2/index.php:0
[21-Feb-2018 08:35:08 UTC] PHP Parse error:  syntax error, unexpected ':' in /home/ubuntu/workspace/rubvasquez/hw/hw2/inc/functions.php on line 12
[21-Feb-2018 08:35:08 UTC] PHP Stack trace:
[21-Feb-2018 08:35:08 UTC] PHP   1. {main}() /home/ubuntu/workspace/rubvasquez/hw/hw2/index.php:0
[21-Feb-2018 16:50:14 UTC] PHP Warning:  Missing argument 2 for displayIcons(), called in /home/ubuntu/workspace/rubvasquez/hw/hw2/inc/functions.php on line 5 and defined in /home/ubuntu/workspace/rubvasquez/hw/hw2/inc/functions.php on line 9
[21-Feb-2018 16:50:14 UTC] PHP Stack trace:
[21-Feb-2018 16:50:14 UTC] PHP   1. {main}() /home/ubuntu/workspace/rubvasquez/hw/hw2/index.php:0
[21-Feb-2018 16:50:14 UTC] PHP   2. generate() /home/ubuntu/workspace/rubvasquez/hw/hw2/index.php:17
[21-Feb-2018 16:50:14 UTC] PHP   3. displayIcons() /home/ubuntu/workspace/rubvasquez/hw/hw2/inc/functions.php:5
[21-Feb-2018 16:50:14 UTC] PHP Warning:  Missing argument 2 for displayIcons(), called in /home/ubuntu/workspace/rubvasquez/hw/hw2/inc/functions.php on line 5 and defined in /home/ubuntu/workspace/rubvasquez/hw/hw2/inc/functions.php on line 9
[21-Feb-2018 16:50:14 UTC] PHP Stack trace:
[21-Feb-2018 16:50:14 UTC] PHP   1. {main}() /home/ubuntu/workspace/rubvasquez/hw/hw2/index.php:0
[21-Feb-2018 16:50:14 UTC] PHP   2. generate() /home/ubuntu/workspace/rubvasquez/hw/hw2/index.php:17
[21-Feb-2018 16:50:14 UTC] PHP   3. displayIcons() /home/ubuntu/workspace/rubvasquez/hw/hw2/inc/functions.php:5
[21-Feb-2018 16:50:14 UTC] PHP Warning:  Missing argument 2 for displayIcons(), called in /home/ubuntu/workspace/rubvasquez/hw/hw2/inc/functions.php on line 5 and defined in /home/ubuntu/workspace/rubvasquez/hw/hw2/inc/functions.php on line 9
[21-Feb-2018 16:50:14 UTC] PHP Stack trace:
[21-Feb-2018 16:50:14 UTC] PHP   1. {main}() /home/ubuntu/workspace/rubvasquez/hw/hw2/index.php:0
[21-Feb-2018 16:50:14 UTC] PHP   2. generate() /home/ubuntu/workspace/rubvasquez/hw/hw2/index.php:17
[21-Feb-2018 16:50:14 UTC] PHP   3. displayIcons() /home/ubuntu/workspace/rubvasquez/hw/hw2/inc/functions.php:5
[21-Feb-2018 16:50:14 UTC] PHP Warning:  Missing argument 2 for displayIcons(), called in /home/ubuntu/workspace/rubvasquez/hw/hw2/inc/functions.php on line 5 and defined in /home/ubuntu/workspace/rubvasquez/hw/hw2/inc/functions.php on line 9
[21-Feb-2018 16:50:14 UTC] PHP Stack trace:
[21-Feb-2018 16:50:14 UTC] PHP   1. {main}() /home/ubuntu/workspace/rubvasquez/hw/hw2/index.php:0
[21-Feb-2018 16:50:14 UTC] PHP   2. generate() /home/ubuntu/workspace/rubvasquez/hw/hw2/index.php:17
[21-Feb-2018 16:50:14 UTC] PHP   3. displayIcons() /home/ubuntu/workspace/rubvasquez/hw/hw2/inc/functions.php:5
[21-Feb-2018 16:50:14 UTC] PHP Warning:  Missing argument 2 for displayIcons(), called in /home/ubuntu/workspace/rubvasquez/hw/hw2/inc/functions.php on line 5 and defined in /home/ubuntu/workspace/rubvasquez/hw/hw2/inc/functions.php on line 9
[21-Feb-2018 16:50:14 UTC] PHP Stack trace:
[21-Feb-2018 16:50:14 UTC] PHP   1. {main}() /home/ubuntu/workspace/rubvasquez/hw/hw2/index.php:0
[21-Feb-2018 16:50:14 UTC] PHP   2. generate() /home/ubuntu/workspace/rubvasquez/hw/hw2/index.php:17
[21-Feb-2018 16:50:14 UTC] PHP   3. displayIcons() /home/ubuntu/workspace/rubvasquez/hw/hw2/inc/functions.php:5
[21-Feb-2018 16:51:49 UTC] PHP Warning:  Missing argument 2 for displayIcons(), called in /home/ubuntu/workspace/rubvasquez/hw/hw2/inc/functions.php on line 5 and defined in /home/ubuntu/workspace/rubvasquez/hw/hw2/inc/functions.php on line 9
[21-Feb-2018 16:51:49 UTC] PHP Stack trace:
[21-Feb-2018 16:51:49 UTC] PHP   1. {main}() /home/ubuntu/workspace/rubvasquez/hw/hw2/index.php:0
[21-Feb-2018 16:51:49 UTC] PHP   2. generate() /home/ubuntu/workspace/rubvasquez/hw/hw2/index.php:17
[21-Feb-2018 16:51:49 UTC] PHP   3. displayIcons() /home/ubuntu/workspace/rubvasquez/hw/hw2/inc/functions.php:5
[21-Feb-2018 16:51:49 UTC] PHP Warning:  Missing argument 2 for displayIcons(), called in /home/ubuntu/workspace/rubvasquez/hw/hw2/inc/functions.php on line 5 and defined in /home/ubuntu/workspace/rubvasquez/hw/hw2/inc/functions.php on line 9
[21-Feb-2018 16:51:49 UTC] PHP Stack trace:
[21-Feb-2018 16:51:49 UTC] PHP   1. {main}() /home/ubuntu/workspace/rubvasquez/hw/hw2/index.php:0
[21-Feb-2018 16:51:49 UTC] PHP   2. generate() /home/ubuntu/workspace/rubvasquez/hw/hw2/index.php:17
[21-Feb-2018 16:51:49 UTC] PHP   3. displayIcons() /home/ubuntu/workspace/rubvasquez/hw/hw2/inc/functions.php:5
[21-Feb-2018 16:51:49 UTC] PHP Warning:  Missing argument 2 for displayIcons(), called in /home/ubuntu/workspace/rubvasquez/hw/hw2/inc/functions.php on line 5 and defined in /home/ubuntu/workspace/rubvasquez/hw/hw2/inc/functions.php on line 9
[21-Feb-2018 16:51:49 UTC] PHP Stack trace:
[21-Feb-2018 16:51:49 UTC] PHP   1. {main}() /home/ubuntu/workspace/rubvasquez/hw/hw2/index.php:0
[21-Feb-2018 16:51:49 UTC] PHP   2. generate() /home/ubuntu/workspace/rubvasquez/hw/hw2/index.php:17
[21-Feb-2018 16:51:49 UTC] PHP   3. displayIcons() /home/ubuntu/workspace/rubvasquez/hw/hw2/inc/functions.php:5
[21-Feb-2018 16:51:49 UTC] PHP Warning:  Missing argument 2 for displayIcons(), called in /home/ubuntu/workspace/rubvasquez/hw/hw2/inc/functions.php on line 5 and defined in /home/ubuntu/workspace/rubvasquez/hw/hw2/inc/functions.php on line 9
[21-Feb-2018 16:51:49 UTC] PHP Stack trace:
[21-Feb-2018 16:51:49 UTC] PHP   1. {main}() /home/ubuntu/workspace/rubvasquez/hw/hw2/index.php:0
[21-Feb-2018 16:51:49 UTC] PHP   2. generate() /home/ubuntu/workspace/rubvasquez/hw/hw2/index.php:17
[21-Feb-2018 16:51:49 UTC] PHP   3. displayIcons() /home/ubuntu/workspace/rubvasquez/hw/hw2/inc/functions.php:5
[21-Feb-2018 16:51:49 UTC] PHP Warning:  Missing argument 2 for displayIcons(), called in /home/ubuntu/workspace/rubvasquez/hw/hw2/inc/functions.php on line 5 and defined in /home/ubuntu/workspace/rubvasquez/hw/hw2/inc/functions.php on line 9
[21-Feb-2018 16:51:49 UTC] PHP Stack trace:
[21-Feb-2018 16:51:49 UTC] PHP   1. {main}() /home/ubuntu/workspace/rubvasquez/hw/hw2/index.php:0
[21-Feb-2018 16:51:49 UTC] PHP   2. generate() /home/ubuntu/workspace/rubvasquez/hw/hw2/index.php:17
[21-Feb-2018 16:51:49 UTC] PHP   3. displayIcons() /home/ubuntu/workspace/rubvasquez/hw/hw2/inc/functions.php:5
[21-Feb-2018 17:03:14 UTC] PHP Parse error:  syntax error, unexpected '"buildingOne"' (T_CONSTANT_ENCAPSED_STRING), expecting ')' in /home/ubuntu/workspace/rubvasquez/hw/hw2/inc/functions.php on line 27
[21-Feb-2018 17:03:14 UTC] PHP Stack trace:
[21-Feb-2018 17:03:14 UTC] PHP   1. {main}() /home/ubuntu/workspace/rubvasquez/hw/hw2/index.php:0
[21-Feb-2018 17:07:06 UTC] PHP Fatal error:  Call to undefined function displayCityHall() in /home/ubuntu/workspace/rubvasquez/hw/hw2/inc/functions.php on line 7
[21-Feb-2018 17:07:06 UTC] PHP Stack trace:
[21-Feb-2018 17:07:06 UTC] PHP   1. {main}() /home/ubuntu/workspace/rubvasquez/hw/hw2/index.php:0
[21-Feb-2018 17:07:06 UTC] PHP   2. generate() /home/ubuntu/workspace/rubvasquez/hw/hw2/index.php:17
[21-Feb-2018 17:07:10 UTC] PHP Fatal error:  Call to undefined function displayCityHall() in /home/ubuntu/workspace/rubvasquez/hw/hw2/inc/functions.php on line 7
[21-Feb-2018 17:07:10 UTC] PHP Stack trace:
[21-Feb-2018 17:07:10 UTC] PHP   1. {main}() /home/ubuntu/workspace/rubvasquez/hw/hw2/index.php:0
[21-Feb-2018 17:07:10 UTC] PHP   2. generate() /home/ubuntu/workspace/rubvasquez/hw/hw2/index.php:17
[21-Feb-2018 17:07:13 UTC] PHP Fatal error:  Call to undefined function displayCityHall() in /home/ubuntu/workspace/rubvasquez/hw/hw2/inc/functions.php on line 7
[21-Feb-2018 17:07:13 UTC] PHP Stack trace:
[21-Feb-2018 17:07:13 UTC] PHP   1. {main}() /home/ubuntu/workspace/rubvasquez/hw/hw2/index.php:0
[21-Feb-2018 17:07:13 UTC] PHP   2. generate() /home/ubuntu/workspace/rubvasquez/hw/hw2/index.php:17
[21-Feb-2018 17:07:21 UTC] PHP Fatal error:  Call to undefined function displayCityHall() in /home/ubuntu/workspace/rubvasquez/hw/hw2/inc/functions.php on line 7
[21-Feb-2018 17:07:21 UTC] PHP Stack trace:
[21-Feb-2018 17:07:21 UTC] PHP   1. {main}() /home/ubuntu/workspace/rubvasquez/hw/hw2/index.php:0
[21-Feb-2018 17:07:21 UTC] PHP   2. generate() /home/ubuntu/workspace/rubvasquez/hw/hw2/index.php:17
[21-Feb-2018 17:07:53 UTC] PHP Fatal error:  Call to undefined function displayCityHall() in /home/ubuntu/workspace/rubvasquez/hw/hw2/inc/functions.php on line 7
[21-Feb-2018 17:07:53 UTC] PHP Stack trace:
[21-Feb-2018 17:07:53 UTC] PHP   1. {main}() /home/ubuntu/workspace/rubvasquez/hw/hw2/index.php:0
[21-Feb-2018 17:07:53 UTC] PHP   2. generate() /home/ubuntu/workspace/rubvasquez/hw/hw2/index.php:17
[21-Feb-2018 17:09:01 UTC] PHP Fatal error:  Call to undefined function displayCityHall() in /home/ubuntu/workspace/rubvasquez/hw/hw2/inc/functions.php on line 7
[21-Feb-2018 17:09:01 UTC] PHP Stack trace:
[21-Feb-2018 17:09:01 UTC] PHP   1. {main}() /home/ubuntu/workspace/rubvasquez/hw/hw2/index.php:0
[21-Feb-2018 17:09:01 UTC] PHP   2. generate() /home/ubuntu/workspace/rubvasquez/hw/hw2/index.php:17
[21-Feb-2018 17:09:33 UTC] PHP Fatal error:  Call to undefined function displayCityHall() in /home/ubuntu/workspace/rubvasquez/hw/hw2/inc/functions.php on line 7
[21-Feb-2018 17:09:33 UTC] PHP Stack trace:
[21-Feb-2018 17:09:33 UTC] PHP   1. {main}() /home/ubuntu/workspace/rubvasquez/hw/hw2/index.php:0
[21-Feb-2018 17:09:33 UTC] PHP   2. generate() /home/ubuntu/workspace/rubvasquez/hw/hw2/index.php:17
[21-Feb-2018 17:09:41 UTC] PHP Fatal error:  Call to undefined function displayCityHall() in /home/ubuntu/workspace/rubvasquez/hw/hw2/inc/functions.php on line 7
[21-Feb-2018 17:09:41 UTC] PHP Stack trace:
[21-Feb-2018 17:09:41 UTC] PHP   1. {main}() /home/ubuntu/workspace/rubvasquez/hw/hw2/index.php:0
[21-Feb-2018 17:09:41 UTC] PHP   2. generate() /home/ubuntu/workspace/rubvasquez/hw/hw2/index.php:17
[21-Feb-2018 17:10:24 UTC] PHP Fatal error:  Call to undefined function displayCityHall() in /home/ubuntu/workspace/rubvasquez/hw/hw2/inc/functions.php on line 7
[21-Feb-2018 17:10:24 UTC] PHP Stack trace:
[21-Feb-2018 17:10:24 UTC] PHP   1. {main}() /home/ubuntu/workspace/rubvasquez/hw/hw2/index.php:0
[21-Feb-2018 17:10:24 UTC] PHP   2. generate() /home/ubuntu/workspace/rubvasquez/hw/hw2/index.php:17
[21-Feb-2018 17:10:26 UTC] PHP Fatal error:  Call to undefined function displayCityHall() in /home/ubuntu/workspace/rubvasquez/hw/hw2/inc/functions.php on line 7
[21-Feb-2018 17:10:26 UTC] PHP Stack trace:
[21-Feb-2018 17:10:26 UTC] PHP   1. {main}() /home/ubuntu/workspace/rubvasquez/hw/hw2/index.php:0
[21-Feb-2018 17:10:26 UTC] PHP   2. generate() /home/ubuntu/workspace/rubvasquez/hw/hw2/index.php:17
[21-Feb-2018 17:10:29 UTC] PHP Fatal error:  Call to undefined function displayCityHall() in /home/ubuntu/workspace/rubvasquez/hw/hw2/inc/functions.php on line 7
[21-Feb-2018 17:10:29 UTC] PHP Stack trace:
[21-Feb-2018 17:10:29 UTC] PHP   1. {main}() /home/ubuntu/workspace/rubvasquez/hw/hw2/index.php:0
[21-Feb-2018 17:10:29 UTC] PHP   2. generate() /home/ubuntu/workspace/rubvasquez/hw/hw2/index.php:17
[21-Feb-2018 17:10:31 UTC] PHP Fatal error:  Call to undefined function displayCityHall() in /home/ubuntu/workspace/rubvasquez/hw/hw2/inc/functions.php on line 7
[21-Feb-2018 17:10:31 UTC] PHP Stack trace:
[21-Feb-2018 17:10:31 UTC] PHP   1. {main}() /home/ubuntu/workspace/rubvasquez/hw/hw2/index.php:0
[21-Feb-2018 17:10:31 UTC] PHP   2. generate() /home/ubuntu/workspace/rubvasquez/hw/hw2/index.php:17
[21-Feb-2018 17:11:39 UTC] PHP Fatal error:  Call to undefined function displayCityHall() in /home/ubuntu/workspace/rubvasquez/hw/hw2/inc/functions.php on line 7
[21-Feb-2018 17:11:39 UTC] PHP Stack trace:
[21-Feb-2018 17:11:39 UTC] PHP   1. {main}() /home/ubuntu/workspace/rubvasquez/hw/hw2/index.php:0
[21-Feb-2018 17:11:39 UTC] PHP   2. generate() /home/ubuntu/workspace/rubvasquez/hw/hw2/index.php:17
[21-Feb-2018 17:11:43 UTC] PHP Fatal error:  Call to undefined function displayCityHall() in /home/ubuntu/workspace/rubvasquez/hw/hw2/inc/functions.php on line 7
[21-Feb-2018 17:11:43 UTC] PHP Stack trace:
[21-Feb-2018 17:11:43 UTC] PHP   1. {main}() /home/ubuntu/workspace/rubvasquez/hw/hw2/index.php:0
[21-Feb-2018 17:11:43 UTC] PHP   2. generate() /home/ubuntu/workspace/rubvasquez/hw/hw2/index.php:17
[21-Feb-2018 17:11:45 UTC] PHP Fatal error:  Call to undefined function displayCityHall() in /home/ubuntu/workspace/rubvasquez/hw/hw2/inc/functions.php on line 7
[21-Feb-2018 17:11:45 UTC] PHP Stack trace:
[21-Feb-2018 17:11:45 UTC] PHP   1. {main}() /home/ubuntu/workspace/rubvasquez/hw/hw2/index.php:0
[21-Feb-2018 17:11:45 UTC] PHP   2. generate() /home/ubuntu/workspace/rubvasquez/hw/hw2/index.php:17
[21-Feb-2018 17:11:48 UTC] PHP Fatal error:  Call to undefined function displayCityHall() in /home/ubuntu/workspace/rubvasquez/hw/hw2/inc/functions.php on line 7
[21-Feb-2018 17:11:48 UTC] PHP Stack trace:
[21-Feb-2018 17:11:48 UTC] PHP   1. {main}() /home/ubuntu/workspace/rubvasquez/hw/hw2/index.php:0
[21-Feb-2018 17:11:48 UTC] PHP   2. generate() /home/ubuntu/workspace/rubvasquez/hw/hw2/index.php:17
[21-Feb-2018 17:11:50 UTC] PHP Fatal error:  Call to undefined function displayCityHall() in /home/ubuntu/workspace/rubvasquez/hw/hw2/inc/functions.php on line 7
[21-Feb-2018 17:11:51 UTC] PHP Stack trace:
[21-Feb-2018 17:11:51 UTC] PHP   1. {main}() /home/ubuntu/workspace/rubvasquez/hw/hw2/index.php:0
[21-Feb-2018 17:11:51 UTC] PHP   2. generate() /home/ubuntu/workspace/rubvasquez/hw/hw2/index.php:17
[21-Feb-2018 17:13:25 UTC] PHP Fatal error:  Call to undefined function displayCityHall() in /home/ubuntu/workspace/rubvasquez/hw/hw2/inc/functions.php on line 7
[21-Feb-2018 17:13:25 UTC] PHP Stack trace:
[21-Feb-2018 17:13:25 UTC] PHP   1. {main}() /home/ubuntu/workspace/rubvasquez/hw/hw2/index.php:0
[21-Feb-2018 17:13:25 UTC] PHP   2. generate() /home/ubuntu/workspace/rubvasquez/hw/hw2/index.php:17
[21-Feb-2018 17:13:28 UTC] PHP Fatal error:  Call to undefined function displayCityHall() in /home/ubuntu/workspace/rubvasquez/hw/hw2/inc/functions.php on line 7
[21-Feb-2018 17:13:28 UTC] PHP Stack trace:
[21-Feb-2018 17:13:28 UTC] PHP   1. {main}() /home/ubuntu/workspace/rubvasquez/hw/hw2/index.php:0
[21-Feb-2018 17:13:28 UTC] PHP   2. generate() /home/ubuntu/workspace/rubvasquez/hw/hw2/index.php:17
[21-Feb-2018 17:13:30 UTC] PHP Fatal error:  Call to undefined function displayCityHall() in /home/ubuntu/workspace/rubvasquez/hw/hw2/inc/functions.php on line 7
[21-Feb-2018 17:13:30 UTC] PHP Stack trace:
[21-Feb-2018 17:13:30 UTC] PHP   1. {main}() /home/ubuntu/workspace/rubvasquez/hw/hw2/index.php:0
[21-Feb-2018 17:13:30 UTC] PHP   2. generate() /home/ubuntu/workspace/rubvasquez/hw/hw2/index.php:17
[21-Feb-2018 17:36:25 UTC] PHP Warning:  array_reverse() expects at least 1 parameter, 0 given in /home/ubuntu/workspace/rubvasquez/hw/hw2/inc/functions.php on line 10
[21-Feb-2018 17:36:25 UTC] PHP Stack trace:
[21-Feb-2018 17:36:25 UTC] PHP   1. {main}() /home/ubuntu/workspace/rubvasquez/hw/hw2/index.php:0
[21-Feb-2018 17:36:25 UTC] PHP   2. generate() /home/ubuntu/workspace/rubvasquez/hw/hw2/index.php:17
[21-Feb-2018 17:36:25 UTC] PHP   3. displayIcon() /home/ubuntu/workspace/rubvasquez/hw/hw2/inc/functions.php:5
[21-Feb-2018 17:36:25 UTC] PHP   4. array_reverse() /home/ubuntu/workspace/rubvasquez/hw/hw2/inc/functions.php:10
[21-Feb-2018 17:36:25 UTC] PHP Warning:  array_flip() expects exactly 1 parameter, 0 given in /home/ubuntu/workspace/rubvasquez/hw/hw2/inc/functions.php on line 11
[21-Feb-2018 17:36:25 UTC] PHP Stack trace:
[21-Feb-2018 17:36:25 UTC] PHP   1. {main}() /home/ubuntu/workspace/rubvasquez/hw/hw2/index.php:0
[21-Feb-2018 17:36:25 UTC] PHP   2. generate() /home/ubuntu/workspace/rubvasquez/hw/hw2/index.php:17
[21-Feb-2018 17:36:25 UTC] PHP   3. displayIcon() /home/ubuntu/workspace/rubvasquez/hw/hw2/inc/functions.php:5
[21-Feb-2018 17:36:25 UTC] PHP   4. array_flip() /home/ubuntu/workspace/rubvasquez/hw/hw2/inc/functions.php:11
[21-Feb-2018 17:36:25 UTC] PHP Warning:  array_diff(): at least 2 parameters are required, 0 given in /home/ubuntu/workspace/rubvasquez/hw/hw2/inc/functions.php on line 12
[21-Feb-2018 17:36:25 UTC] PHP Stack trace:
[21-Feb-2018 17:36:25 UTC] PHP   1. {main}() /home/ubuntu/workspace/rubvasquez/hw/hw2/index.php:0
[21-Feb-2018 17:36:25 UTC] PHP   2. generate() /home/ubuntu/workspace/rubvasquez/hw/hw2/index.php:17
[21-Feb-2018 17:36:25 UTC] PHP   3. displayIcon() /home/ubuntu/workspace/rubvasquez/hw/hw2/inc/functions.php:5
[21-Feb-2018 17:36:25 UTC] PHP   4. array_diff() /home/ubuntu/workspace/rubvasquez/hw/hw2/inc/functions.php:12
[21-Feb-2018 17:36:25 UTC] PHP Warning:  array_reverse() expects at least 1 parameter, 0 given in /home/ubuntu/workspace/rubvasquez/hw/hw2/inc/functions.php on line 10
[21-Feb-2018 17:36:25 UTC] PHP Stack trace:
[21-Feb-2018 17:36:25 UTC] PHP   1. {main}() /home/ubuntu/workspace/rubvasquez/hw/hw2/index.php:0
[21-Feb-2018 17:36:25 UTC] PHP   2. generate() /home/ubuntu/workspace/rubvasquez/hw/hw2/index.php:17
[21-Feb-2018 17:36:25 UTC] PHP   3. displayIcon() /home/ubuntu/workspace/rubvasquez/hw/hw2/inc/functions.php:5
[21-Feb-2018 17:36:25 UTC] PHP   4. array_reverse() /home/ubuntu/workspace/rubvasquez/hw/hw2/inc/functions.php:10
[21-Feb-2018 17:36:25 UTC] PHP Warning:  array_flip() expects exactly 1 parameter, 0 given in /home/ubuntu/workspace/rubvasquez/hw/hw2/inc/functions.php on line 11
[21-Feb-2018 17:36:25 UTC] PHP Stack trace:
[21-Feb-2018 17:36:25 UTC] PHP   1. {main}() /home/ubuntu/workspace/rubvasquez/hw/hw2/index.php:0
[21-Feb-2018 17:36:25 UTC] PHP   2. generate() /home/ubuntu/workspace/rubvasquez/hw/hw2/index.php:17
[21-Feb-2018 17:36:25 UTC] PHP   3. displayIcon() /home/ubuntu/workspace/rubvasquez/hw/hw2/inc/functions.php:5
[21-Feb-2018 17:36:25 UTC] PHP   4. array_flip() /home/ubuntu/workspace/rubvasquez/hw/hw2/inc/functions.php:11
[21-Feb-2018 17:36:25 UTC] PHP Warning:  array_diff(): at least 2 parameters are required, 0 given in /home/ubuntu/workspace/rubvasquez/hw/hw2/inc/functions.php on line 12
[21-Feb-2018 17:36:25 UTC] PHP Stack trace:
[21-Feb-2018 17:36:25 UTC] PHP   1. {main}() /home/ubuntu/workspace/rubvasquez/hw/hw2/index.php:0
[21-Feb-2018 17:36:25 UTC] PHP   2. generate() /home/ubuntu/workspace/rubvasquez/hw/hw2/index.php:17
[21-Feb-2018 17:36:25 UTC] PHP   3. displayIcon() /home/ubuntu/workspace/rubvasquez/hw/hw2/inc/functions.php:5
[21-Feb-2018 17:36:25 UTC] PHP   4. array_diff() /home/ubuntu/workspace/rubvasquez/hw/hw2/inc/functions.php:12
[21-Feb-2018 17:36:25 UTC] PHP Warning:  array_reverse() expects at least 1 parameter, 0 given in /home/ubuntu/workspace/rubvasquez/hw/hw2/inc/functions.php on line 10
[21-Feb-2018 17:36:25 UTC] PHP Stack trace:
[21-Feb-2018 17:36:25 UTC] PHP   1. {main}() /home/ubuntu/workspace/rubvasquez/hw/hw2/index.php:0
[21-Feb-2018 17:36:25 UTC] PHP   2. generate() /home/ubuntu/workspace/rubvasquez/hw/hw2/index.php:17
[21-Feb-2018 17:36:25 UTC] PHP   3. displayIcon() /home/ubuntu/workspace/rubvasquez/hw/hw2/inc/functions.php:5
[21-Feb-2018 17:36:25 UTC] PHP   4. array_reverse() /home/ubuntu/workspace/rubvasquez/hw/hw2/inc/functions.php:10
[21-Feb-2018 17:36:25 UTC] PHP Warning:  array_flip() expects exactly 1 parameter, 0 given in /home/ubuntu/workspace/rubvasquez/hw/hw2/inc/functions.php on line 11
[21-Feb-2018 17:36:25 UTC] PHP Stack trace:
[21-Feb-2018 17:36:25 UTC] PHP   1. {main}() /home/ubuntu/workspace/rubvasquez/hw/hw2/index.php:0
[21-Feb-2018 17:36:25 UTC] PHP   2. generate() /home/ubuntu/workspace/rubvasquez/hw/hw2/index.php:17
[21-Feb-2018 17:36:25 UTC] PHP   3. displayIcon() /home/ubuntu/workspace/rubvasquez/hw/hw2/inc/functions.php:5
[21-Feb-2018 17:36:25 UTC] PHP   4. array_flip() /home/ubuntu/workspace/rubvasquez/hw/hw2/inc/functions.php:11
[21-Feb-2018 17:36:25 UTC] PHP Warning:  array_diff(): at least 2 parameters are required, 0 given in /home/ubuntu/workspace/rubvasquez/hw/hw2/inc/functions.php on line 12
[21-Feb-2018 17:36:25 UTC] PHP Stack trace:
[21-Feb-2018 17:36:25 UTC] PHP   1. {main}() /home/ubuntu/workspace/rubvasquez/hw/hw2/index.php:0
[21-Feb-2018 17:36:25 UTC] PHP   2. generate() /home/ubuntu/workspace/rubvasquez/hw/hw2/index.php:17
[21-Feb-2018 17:36:25 UTC] PHP   3. displayIcon() /home/ubuntu/workspace/rubvasquez/hw/hw2/inc/functions.php:5
[21-Feb-2018 17:36:25 UTC] PHP   4. array_diff() /home/ubuntu/workspace/rubvasquez/hw/hw2/inc/functions.php:12
[21-Feb-2018 17:36:25 UTC] PHP Warning:  array_reverse() expects at least 1 parameter, 0 given in /home/ubuntu/workspace/rubvasquez/hw/hw2/inc/functions.php on line 10
[21-Feb-2018 17:36:25 UTC] PHP Stack trace:
[21-Feb-2018 17:36:25 UTC] PHP   1. {main}() /home/ubuntu/workspace/rubvasquez/hw/hw2/index.php:0
[21-Feb-2018 17:36:25 UTC] PHP   2. generate() /home/ubuntu/workspace/rubvasquez/hw/hw2/index.php:17
[21-Feb-2018 17:36:25 UTC] PHP   3. displayIcon() /home/ubuntu/workspace/rubvasquez/hw/hw2/inc/functions.php:5
[21-Feb-2018 17:36:25 UTC] PHP   4. array_reverse() /home/ubuntu/workspace/rubvasquez/hw/hw2/inc/functions.php:10
[21-Feb-2018 17:36:25 UTC] PHP Warning:  array_flip() expects exactly 1 parameter, 0 given in /home/ubuntu/workspace/rubvasquez/hw/hw2/inc/functions.php on line 11
[21-Feb-2018 17:36:25 UTC] PHP Stack trace:
[21-Feb-2018 17:36:25 UTC] PHP   1. {main}() /home/ubuntu/workspace/rubvasquez/hw/hw2/index.php:0
[21-Feb-2018 17:36:25 UTC] PHP   2. generate() /home/ubuntu/workspace/rubvasquez/hw/hw2/index.php:17
[21-Feb-2018 17:36:25 UTC] PHP   3. displayIcon() /home/ubuntu/workspace/rubvasquez/hw/hw2/inc/functions.php:5
[21-Feb-2018 17:36:25 UTC] PHP   4. array_flip() /home/ubuntu/workspace/rubvasquez/hw/hw2/inc/functions.php:11
[21-Feb-2018 17:36:25 UTC] PHP Warning:  array_diff(): at least 2 parameters are required, 0 given in /home/ubuntu/workspace/rubvasquez/hw/hw2/inc/functions.php on line 12
[21-Feb-2018 17:36:25 UTC] PHP Stack trace:
[21-Feb-2018 17:36:25 UTC] PHP   1. {main}() /home/ubuntu/workspace/rubvasquez/hw/hw2/index.php:0
[21-Feb-2018 17:36:25 UTC] PHP   2. generate() /home/ubuntu/workspace/rubvasquez/hw/hw2/index.php:17
[21-Feb-2018 17:36:25 UTC] PHP   3. displayIcon() /home/ubuntu/workspace/rubvasquez/hw/hw2/inc/functions.php:5
[21-Feb-2018 17:36:25 UTC] PHP   4. array_diff() /home/ubuntu/workspace/rubvasquez/hw/hw2/inc/functions.php:12
[21-Feb-2018 17:36:25 UTC] PHP Warning:  array_reverse() expects at least 1 parameter, 0 given in /home/ubuntu/workspace/rubvasquez/hw/hw2/inc/functions.php on line 10
[21-Feb-2018 17:36:25 UTC] PHP Stack trace:
[21-Feb-2018 17:36:25 UTC] PHP   1. {main}() /home/ubuntu/workspace/rubvasquez/hw/hw2/index.php:0
[21-Feb-2018 17:36:25 UTC] PHP   2. generate() /home/ubuntu/workspace/rubvasquez/hw/hw2/index.php:17
[21-Feb-2018 17:36:25 UTC] PHP   3. displayIcon() /home/ubuntu/workspace/rubvasquez/hw/hw2/inc/functions.php:5
[21-Feb-2018 17:36:25 UTC] PHP   4. array_reverse() /home/ubuntu/workspace/rubvasquez/hw/hw2/inc/functions.php:10
[21-Feb-2018 17:36:25 UTC] PHP Warning:  array_flip() expects exactly 1 parameter, 0 given in /home/ubuntu/workspace/rubvasquez/hw/hw2/inc/functions.php on line 11
[21-Feb-2018 17:36:25 UTC] PHP Stack trace:
[21-Feb-2018 17:36:25 UTC] PHP   1. {main}() /home/ubuntu/workspace/rubvasquez/hw/hw2/index.php:0
[21-Feb-2018 17:36:25 UTC] PHP   2. generate() /home/ubuntu/workspace/rubvasquez/hw/hw2/index.php:17
[21-Feb-2018 17:36:25 UTC] PHP   3. displayIcon() /home/ubuntu/workspace/rubvasquez/hw/hw2/inc/functions.php:5
[21-Feb-2018 17:36:25 UTC] PHP   4. array_flip() /home/ubuntu/workspace/rubvasquez/hw/hw2/inc/functions.php:11
[21-Feb-2018 17:36:25 UTC] PHP Warning:  array_diff(): at least 2 parameters are required, 0 given in /home/ubuntu/workspace/rubvasquez/hw/hw2/inc/functions.php on line 12
[21-Feb-2018 17:36:25 UTC] PHP Stack trace:
[21-Feb-2018 17:36:25 UTC] PHP   1. {main}() /home/ubuntu/workspace/rubvasquez/hw/hw2/index.php:0
[21-Feb-2018 17:36:25 UTC] PHP   2. generate() /home/ubuntu/workspace/rubvasquez/hw/hw2/index.php:17
[21-Feb-2018 17:36:25 UTC] PHP   3. displayIcon() /home/ubuntu/workspace/rubvasquez/hw/hw2/inc/functions.php:5
[21-Feb-2018 17:36:25 UTC] PHP   4. array_diff() /home/ubuntu/workspace/rubvasquez/hw/hw2/inc/functions.php:12
[21-Feb-2018 17:36:37 UTC] PHP Warning:  array_reverse() expects at least 1 parameter, 0 given in /home/ubuntu/workspace/rubvasquez/hw/hw2/inc/functions.php on line 10
[21-Feb-2018 17:36:37 UTC] PHP Stack trace:
[21-Feb-2018 17:36:37 UTC] PHP   1. {main}() /home/ubuntu/workspace/rubvasquez/hw/hw2/index.php:0
[21-Feb-2018 17:36:37 UTC] PHP   2. generate() /home/ubuntu/workspace/rubvasquez/hw/hw2/index.php:17
[21-Feb-2018 17:36:37 UTC] PHP   3. displayIcon() /home/ubuntu/workspace/rubvasquez/hw/hw2/inc/functions.php:5
[21-Feb-2018 17:36:37 UTC] PHP   4. array_reverse() /home/ubuntu/workspace/rubvasquez/hw/hw2/inc/functions.php:10
[21-Feb-2018 17:36:37 UTC] PHP Warning:  array_flip() expects exactly 1 parameter, 0 given in /home/ubuntu/workspace/rubvasquez/hw/hw2/inc/functions.php on line 11
[21-Feb-2018 17:36:37 UTC] PHP Stack trace:
[21-Feb-2018 17:36:37 UTC] PHP   1. {main}() /home/ubuntu/workspace/rubvasquez/hw/hw2/index.php:0
[21-Feb-2018 17:36:37 UTC] PHP   2. generate() /home/ubuntu/workspace/rubvasquez/hw/hw2/index.php:17
[21-Feb-2018 17:36:37 UTC] PHP   3. displayIcon() /home/ubuntu/workspace/rubvasquez/hw/hw2/inc/functions.php:5
[21-Feb-2018 17:36:37 UTC] PHP   4. array_flip() /home/ubuntu/workspace/rubvasquez/hw/hw2/inc/functions.php:11
[21-Feb-2018 17:36:37 UTC] PHP Warning:  array_diff(): at least 2 parameters are required, 0 given in /home/ubuntu/workspace/rubvasquez/hw/hw2/inc/functions.php on line 12
[21-Feb-2018 17:36:37 UTC] PHP Stack trace:
[21-Feb-2018 17:36:37 UTC] PHP   1. {main}() /home/ubuntu/workspace/rubvasquez/hw/hw2/index.php:0
[21-Feb-2018 17:36:37 UTC] PHP   2. generate() /home/ubuntu/workspace/rubvasquez/hw/hw2/index.php:17
[21-Feb-2018 17:36:37 UTC] PHP   3. displayIcon() /home/ubuntu/workspace/rubvasquez/hw/hw2/inc/functions.php:5
[21-Feb-2018 17:36:37 UTC] PHP   4. array_diff() /home/ubuntu/workspace/rubvasquez/hw/hw2/inc/functions.php:12
[21-Feb-2018 17:36:37 UTC] PHP Warning:  array_reverse() expects at least 1 parameter, 0 given in /home/ubuntu/workspace/rubvasquez/hw/hw2/inc/functions.php on line 10
[21-Feb-2018 17:36:37 UTC] PHP Stack trace:
[21-Feb-2018 17:36:37 UTC] PHP   1. {main}() /home/ubuntu/workspace/rubvasquez/hw/hw2/index.php:0
[21-Feb-2018 17:36:37 UTC] PHP   2. generate() /home/ubuntu/workspace/rubvasquez/hw/hw2/index.php:17
[21-Feb-2018 17:36:37 UTC] PHP   3. displayIcon() /home/ubuntu/workspace/rubvasquez/hw/hw2/inc/functions.php:5
[21-Feb-2018 17:36:37 UTC] PHP   4. array_reverse() /home/ubuntu/workspace/rubvasquez/hw/hw2/inc/functions.php:10
[21-Feb-2018 17:36:37 UTC] PHP Warning:  array_flip() expects exactly 1 parameter, 0 given in /home/ubuntu/workspace/rubvasquez/hw/hw2/inc/functions.php on line 11
[21-Feb-2018 17:36:37 UTC] PHP Stack trace:
[21-Feb-2018 17:36:37 UTC] PHP   1. {main}() /home/ubuntu/workspace/rubvasquez/hw/hw2/index.php:0
[21-Feb-2018 17:36:37 UTC] PHP   2. generate() /home/ubuntu/workspace/rubvasquez/hw/hw2/index.php:17
[21-Feb-2018 17:36:37 UTC] PHP   3. displayIcon() /home/ubuntu/workspace/rubvasquez/hw/hw2/inc/functions.php:5
[21-Feb-2018 17:36:37 UTC] PHP   4. array_flip() /home/ubuntu/workspace/rubvasquez/hw/hw2/inc/functions.php:11
[21-Feb-2018 17:36:37 UTC] PHP Warning:  array_diff(): at least 2 parameters are required, 0 given in /home/ubuntu/workspace/rubvasquez/hw/hw2/inc/functions.php on line 12
[21-Feb-2018 17:36:37 UTC] PHP Stack trace:
[21-Feb-2018 17:36:37 UTC] PHP   1. {main}() /home/ubuntu/workspace/rubvasquez/hw/hw2/index.php:0
[21-Feb-2018 17:36:37 UTC] PHP   2. generate() /home/ubuntu/workspace/rubvasquez/hw/hw2/index.php:17
[21-Feb-2018 17:36:37 UTC] PHP   3. displayIcon() /home/ubuntu/workspace/rubvasquez/hw/hw2/inc/functions.php:5
[21-Feb-2018 17:36:37 UTC] PHP   4. array_diff() /home/ubuntu/workspace/rubvasquez/hw/hw2/inc/functions.php:12
[21-Feb-2018 17:36:37 UTC] PHP Warning:  array_reverse() expects at least 1 parameter, 0 given in /home/ubuntu/workspace/rubvasquez/hw/hw2/inc/functions.php on line 10
[21-Feb-2018 17:36:37 UTC] PHP Stack trace:
[21-Feb-2018 17:36:37 UTC] PHP   1. {main}() /home/ubuntu/workspace/rubvasquez/hw/hw2/index.php:0
[21-Feb-2018 17:36:37 UTC] PHP   2. generate() /home/ubuntu/workspace/rubvasquez/hw/hw2/index.php:17
[21-Feb-2018 17:36:37 UTC] PHP   3. displayIcon() /home/ubuntu/workspace/rubvasquez/hw/hw2/inc/functions.php:5
[21-Feb-2018 17:36:37 UTC] PHP   4. array_reverse() /home/ubuntu/workspace/rubvasquez/hw/hw2/inc/functions.php:10
[21-Feb-2018 17:36:37 UTC] PHP Warning:  array_flip() expects exactly 1 parameter, 0 given in /home/ubuntu/workspace/rubvasquez/hw/hw2/inc/functions.php on line 11
[21-Feb-2018 17:36:37 UTC] PHP Stack trace:
[21-Feb-2018 17:36:37 UTC] PHP   1. {main}() /home/ubuntu/workspace/rubvasquez/hw/hw2/index.php:0
[21-Feb-2018 17:36:37 UTC] PHP   2. generate() /home/ubuntu/workspace/rubvasquez/hw/hw2/index.php:17
[21-Feb-2018 17:36:37 UTC] PHP   3. displayIcon() /home/ubuntu/workspace/rubvasquez/hw/hw2/inc/functions.php:5
[21-Feb-2018 17:36:37 UTC] PHP   4. array_flip() /home/ubuntu/workspace/rubvasquez/hw/hw2/inc/functions.php:11
[21-Feb-2018 17:36:37 UTC] PHP Warning:  array_diff(): at least 2 parameters are required, 0 given in /home/ubuntu/workspace/rubvasquez/hw/hw2/inc/functions.php on line 12
[21-Feb-2018 17:36:37 UTC] PHP Stack trace:
[21-Feb-2018 17:36:37 UTC] PHP   1. {main}() /home/ubuntu/workspace/rubvasquez/hw/hw2/index.php:0
[21-Feb-2018 17:36:37 UTC] PHP   2. generate() /home/ubuntu/workspace/rubvasquez/hw/hw2/index.php:17
[21-Feb-2018 17:36:37 UTC] PHP   3. displayIcon() /home/ubuntu/workspace/rubvasquez/hw/hw2/inc/functions.php:5
[21-Feb-2018 17:36:37 UTC] PHP   4. array_diff() /home/ubuntu/workspace/rubvasquez/hw/hw2/inc/functions.php:12
[21-Feb-2018 17:36:37 UTC] PHP Warning:  array_reverse() expects at least 1 parameter, 0 given in /home/ubuntu/workspace/rubvasquez/hw/hw2/inc/functions.php on line 10
[21-Feb-2018 17:36:37 UTC] PHP Stack trace:
[21-Feb-2018 17:36:37 UTC] PHP   1. {main}() /home/ubuntu/workspace/rubvasquez/hw/hw2/index.php:0
[21-Feb-2018 17:36:37 UTC] PHP   2. generate() /home/ubuntu/workspace/rubvasquez/hw/hw2/index.php:17
[21-Feb-2018 17:36:37 UTC] PHP   3. displayIcon() /home/ubuntu/workspace/rubvasquez/hw/hw2/inc/functions.php:5
[21-Feb-2018 17:36:37 UTC] PHP   4. array_reverse() /home/ubuntu/workspace/rubvasquez/hw/hw2/inc/functions.php:10
[21-Feb-2018 17:36:37 UTC] PHP Warning:  array_flip() expects exactly 1 parameter, 0 given in /home/ubuntu/workspace/rubvasquez/hw/hw2/inc/functions.php on line 11
[21-Feb-2018 17:36:37 UTC] PHP Stack trace:
[21-Feb-2018 17:36:37 UTC] PHP   1. {main}() /home/ubuntu/workspace/rubvasquez/hw/hw2/index.php:0
[21-Feb-2018 17:36:37 UTC] PHP   2. generate() /home/ubuntu/workspace/rubvasquez/hw/hw2/index.php:17
[21-Feb-2018 17:36:37 UTC] PHP   3. displayIcon() /home/ubuntu/workspace/rubvasquez/hw/hw2/inc/functions.php:5
[21-Feb-2018 17:36:37 UTC] PHP   4. array_flip() /home/ubuntu/workspace/rubvasquez/hw/hw2/inc/functions.php:11
[21-Feb-2018 17:36:37 UTC] PHP Warning:  array_diff(): at least 2 parameters are required, 0 given in /home/ubuntu/workspace/rubvasquez/hw/hw2/inc/functions.php on line 12
[21-Feb-2018 17:36:37 UTC] PHP Stack trace:
[21-Feb-2018 17:36:37 UTC] PHP   1. {main}() /home/ubuntu/workspace/rubvasquez/hw/hw2/index.php:0
[21-Feb-2018 17:36:37 UTC] PHP   2. generate() /home/ubuntu/workspace/rubvasquez/hw/hw2/index.php:17
[21-Feb-2018 17:36:37 UTC] PHP   3. displayIcon() /home/ubuntu/workspace/rubvasquez/hw/hw2/inc/functions.php:5
[21-Feb-2018 17:36:37 UTC] PHP   4. array_diff() /home/ubuntu/workspace/rubvasquez/hw/hw2/inc/functions.php:12
[21-Feb-2018 17:36:37 UTC] PHP Warning:  array_reverse() expects at least 1 parameter, 0 given in /home/ubuntu/workspace/rubvasquez/hw/hw2/inc/functions.php on line 10
[21-Feb-2018 17:36:37 UTC] PHP Stack trace:
[21-Feb-2018 17:36:37 UTC] PHP   1. {main}() /home/ubuntu/workspace/rubvasquez/hw/hw2/index.php:0
[21-Feb-2018 17:36:37 UTC] PHP   2. generate() /home/ubuntu/workspace/rubvasquez/hw/hw2/index.php:17
[21-Feb-2018 17:36:37 UTC] PHP   3. displayIcon() /home/ubuntu/workspace/rubvasquez/hw/hw2/inc/functions.php:5
[21-Feb-2018 17:36:37 UTC] PHP   4. array_reverse() /home/ubuntu/workspace/rubvasquez/hw/hw2/inc/functions.php:10
[21-Feb-2018 17:36:37 UTC] PHP Warning:  array_flip() expects exactly 1 parameter, 0 given in /home/ubuntu/workspace/rubvasquez/hw/hw2/inc/functions.php on line 11
[21-Feb-2018 17:36:37 UTC] PHP Stack trace:
[21-Feb-2018 17:36:37 UTC] PHP   1. {main}() /home/ubuntu/workspace/rubvasquez/hw/hw2/index.php:0
[21-Feb-2018 17:36:37 UTC] PHP   2. generate() /home/ubuntu/workspace/rubvasquez/hw/hw2/index.php:17
[21-Feb-2018 17:36:37 UTC] PHP   3. displayIcon() /home/ubuntu/workspace/rubvasquez/hw/hw2/inc/functions.php:5
[21-Feb-2018 17:36:37 UTC] PHP   4. array_flip() /home/ubuntu/workspace/rubvasquez/hw/hw2/inc/functions.php:11
[21-Feb-2018 17:36:37 UTC] PHP Warning:  array_diff(): at least 2 parameters are required, 0 given in /home/ubuntu/workspace/rubvasquez/hw/hw2/inc/functions.php on line 12
[21-Feb-2018 17:36:37 UTC] PHP Stack trace:
[21-Feb-2018 17:36:37 UTC] PHP   1. {main}() /home/ubuntu/workspace/rubvasquez/hw/hw2/index.php:0
[21-Feb-2018 17:36:37 UTC] PHP   2. generate() /home/ubuntu/workspace/rubvasquez/hw/hw2/index.php:17
[21-Feb-2018 17:36:37 UTC] PHP   3. displayIcon() /home/ubuntu/workspace/rubvasquez/hw/hw2/inc/functions.php:5
[21-Feb-2018 17:36:37 UTC] PHP   4. array_diff() /home/ubuntu/workspace/rubvasquez/hw/hw2/inc/functions.php:12
[21-Feb-2018 22:03:55 UTC] PHP Parse error:  syntax error, unexpected ';' in /home/ubuntu/workspace/rubvasquez/hw/hw2/inc/functions.php on line 48
[21-Feb-2018 22:03:55 UTC] PHP Stack trace:
[21-Feb-2018 22:03:55 UTC] PHP   1. {main}() /home/ubuntu/workspace/rubvasquez/hw/hw2/index.php:0
[13-Mar-2018 04:05:34 UTC] PHP Parse error:  syntax error, unexpected end of file in /home/ubuntu/workspace/rubvasquez/hw/hw3/index.php on line 21
[13-Mar-2018 07:21:35 UTC] PHP Parse error:  syntax error, unexpected end of file in /home/ubuntu/workspace/rubvasquez/hw/hw3/index.php on line 96
[17-Mar-2018 07:16:21 UTC] PHP Warning:  Missing argument 1 for questions(), called in /home/ubuntu/workspace/rubvasquez/hw/hw3/index.php on line 125 and defined in /home/ubuntu/workspace/rubvasquez/hw/hw3/index.php on line 32
[17-Mar-2018 07:16:21 UTC] PHP Stack trace:
[17-Mar-2018 07:16:21 UTC] PHP   1. {main}() /home/ubuntu/workspace/rubvasquez/hw/hw3/index.php:0
[17-Mar-2018 07:16:21 UTC] PHP   2. questions() /home/ubuntu/workspace/rubvasquez/hw/hw3/index.php:125
[17-Mar-2018 07:16:27 UTC] PHP Warning:  Missing argument 1 for questions(), called in /home/ubuntu/workspace/rubvasquez/hw/hw3/index.php on line 125 and defined in /home/ubuntu/workspace/rubvasquez/hw/hw3/index.php on line 32
[17-Mar-2018 07:16:27 UTC] PHP Stack trace:
[17-Mar-2018 07:16:27 UTC] PHP   1. {main}() /home/ubuntu/workspace/rubvasquez/hw/hw3/index.php:0
[17-Mar-2018 07:16:27 UTC] PHP   2. questions() /home/ubuntu/workspace/rubvasquez/hw/hw3/index.php:125
